<?xml version="1.0" encoding="UTF-8"?>
<coverage generated="1341399480">
  <project timestamp="1341399480">
    <file name="/projects_php/cakeblogdemo/Model/Post.php">
      <class name="Post" namespace="global">
        <metrics methods="5" coveredmethods="3" conditionals="0" coveredconditionals="0" statements="44" coveredstatements="44" elements="49" coveredelements="47"/>
      </class>
      <line num="21" type="method" name="findByTags" crap="1" count="0"/>
      <line num="32" type="method" name="timeCondition" crap="11" count="1"/>
      <line num="33" type="stmt" count="1"/>
      <line num="34" type="stmt" count="1"/>
      <line num="35" type="stmt" count="1"/>
      <line num="36" type="stmt" count="1"/>
      <line num="37" type="stmt" count="1"/>
      <line num="38" type="stmt" count="1"/>
      <line num="39" type="stmt" count="1"/>
      <line num="40" type="stmt" count="1"/>
      <line num="41" type="stmt" count="1"/>
      <line num="42" type="stmt" count="1"/>
      <line num="43" type="stmt" count="1"/>
      <line num="44" type="stmt" count="1"/>
      <line num="45" type="stmt" count="1"/>
      <line num="46" type="stmt" count="1"/>
      <line num="47" type="stmt" count="1"/>
      <line num="48" type="method" name="anonymous function" crap="3" count="1"/>
      <line num="49" type="stmt" count="1"/>
      <line num="50" type="stmt" count="1"/>
      <line num="51" type="stmt" count="1"/>
      <line num="52" type="stmt" count="1"/>
      <line num="53" type="stmt" count="1"/>
      <line num="54" type="stmt" count="1"/>
      <line num="55" type="stmt" count="1"/>
      <line num="56" type="stmt" count="1"/>
      <line num="57" type="stmt" count="1"/>
      <line num="58" type="stmt" count="1"/>
      <line num="59" type="stmt" count="1"/>
      <line num="60" type="stmt" count="1"/>
      <line num="61" type="stmt" count="1"/>
      <line num="62" type="stmt" count="1"/>
      <line num="63" type="stmt" count="1"/>
      <line num="157" type="method" name="beforeSave" crap="6" count="3"/>
      <line num="158" type="stmt" count="3"/>
      <line num="159" type="stmt" count="3"/>
      <line num="160" type="stmt" count="3"/>
      <line num="161" type="stmt" count="3"/>
      <line num="173" type="method" name="beforeFind" crap="6" count="0"/>
      <metrics loc="195" ncloc="154" classes="1" methods="5" coveredmethods="3" conditionals="0" coveredconditionals="0" statements="44" coveredstatements="44" elements="49" coveredelements="47"/>
    </file>
    <file name="/projects_php/cakeblogdemo/Model/User.php">
      <class name="User" namespace="global">
        <metrics methods="1" coveredmethods="1" conditionals="0" coveredconditionals="0" statements="4" coveredstatements="4" elements="5" coveredelements="5"/>
      </class>
      <line num="92" type="method" name="beforeSave" crap="2" count="1"/>
      <line num="93" type="stmt" count="1"/>
      <line num="94" type="stmt" count="1"/>
      <line num="95" type="stmt" count="1"/>
      <line num="96" type="stmt" count="1"/>
      <metrics loc="103" ncloc="36" classes="1" methods="1" coveredmethods="1" conditionals="0" coveredconditionals="0" statements="4" coveredstatements="4" elements="5" coveredelements="5"/>
    </file>
    <file name="/projects_php/cakeblogdemo/Plugin/CakeSearch/Model/Behavior/SearchableBehavior.php">
      <class name="SearchableBehavior" namespace="global" fullPackage="plugins.search.plugins.search.models.behaviors" package="plugins.search" subpackage="plugins.search.models.behaviors">
        <metrics methods="14" coveredmethods="1" conditionals="0" coveredconditionals="0" statements="2" coveredstatements="2" elements="16" coveredelements="3"/>
      </class>
      <line num="40" type="method" name="setup" crap="1" count="4"/>
      <line num="41" type="stmt" count="4"/>
      <line num="42" type="stmt" count="4"/>
      <line num="52" type="method" name="parseCriteria" crap="7" count="0"/>
      <line num="76" type="method" name="validateSearch" crap="4" count="0"/>
      <line num="96" type="method" name="passedArgs" crap="3" count="0"/>
      <line num="115" type="method" name="getQuery" crap="1" count="0"/>
      <line num="129" type="method" name="unbindAllModels" crap="2" count="0"/>
      <line num="147" type="method" name="_addCondLike" crap="4" count="0"/>
      <line num="170" type="method" name="_addCondValue" crap="7" count="0"/>
      <line num="193" type="method" name="_addCondQuery" crap="7" count="0"/>
      <line num="210" type="method" name="_addCondExpression" crap="9" count="0"/>
      <line num="232" type="method" name="_addCondSubquery" crap="7" count="0"/>
      <line num="249" type="method" name="__queryGet" crap="11" count="0"/>
      <line num="309" type="method" name="_scrubQueryData" crap="2" count="0"/>
      <line num="324" type="method" name="__checkBehaviorMethods" crap="3" count="0"/>
      <metrics loc="338" ncloc="204" classes="1" methods="14" coveredmethods="1" conditionals="0" coveredconditionals="0" statements="2" coveredstatements="2" elements="16" coveredelements="3"/>
    </file>
    <file name="/projects_php/library/cakephp/lib/Cake/Controller/Component/AuthComponent.php">
      <class name="AuthComponent" namespace="global" fullPackage="Cake.Controller.Component" package="Cake.Controller.Component">
        <metrics methods="19" coveredmethods="2" conditionals="0" coveredconditionals="0" statements="3" coveredstatements="3" elements="22" coveredelements="5"/>
      </class>
      <line num="249" type="method" name="initialize" crap="2" count="0"/>
      <line num="266" type="method" name="startup" crap="19" count="0"/>
      <line num="344" type="method" name="_setDefaults" crap="3" count="0"/>
      <line num="366" type="method" name="isAuthorized" crap="8" count="0"/>
      <line num="392" type="method" name="constructAuthorize" crap="6" count="0"/>
      <line num="437" type="method" name="allow" crap="5" count="0"/>
      <line num="463" type="method" name="deny" crap="6" count="0"/>
      <line num="491" type="method" name="mapActions" crap="3" count="0"/>
      <line num="510" type="method" name="login" crap="3" count="0"/>
      <line num="534" type="method" name="logout" crap="3" count="0"/>
      <line num="560" type="method" name="user" crap="6" count="3"/>
      <line num="561" type="stmt" count="3"/>
      <line num="562" type="stmt" count="3"/>
      <line num="584" type="method" name="_getUser" crap="6" count="0"/>
      <line num="610" type="method" name="redirect" crap="4" count="0"/>
      <line num="635" type="method" name="identify" crap="5" count="0"/>
      <line num="654" type="method" name="constructAuthenticate" crap="6" count="0"/>
      <line num="691" type="method" name="password" crap="1" count="1"/>
      <line num="692" type="stmt" count="1"/>
      <line num="701" type="method" name="shutdown" crap="2" count="0"/>
      <line num="712" type="method" name="loggedIn" crap="1" count="0"/>
      <line num="722" type="method" name="flash" crap="1" count="0"/>
      <metrics loc="725" ncloc="378" classes="1" methods="19" coveredmethods="2" conditionals="0" coveredconditionals="0" statements="3" coveredstatements="3" elements="22" coveredelements="5"/>
    </file>
    <file name="/projects_php/library/cakephp/lib/Cake/Core/App.php">
      <class name="App" namespace="global" fullPackage="Cake.Core" package="Cake.Core">
        <metrics methods="19" coveredmethods="8" conditionals="0" coveredconditionals="0" statements="88" coveredstatements="88" elements="107" coveredelements="96"/>
      </class>
      <line num="210" type="method" name="path" crap="6" count="5"/>
      <line num="211" type="stmt" count="5"/>
      <line num="215" type="stmt" count="5"/>
      <line num="228" type="stmt" count="5"/>
      <line num="229" type="stmt" count="1"/>
      <line num="231" type="stmt" count="5"/>
      <line num="242" type="method" name="paths" crap="1" count="5"/>
      <line num="243" type="stmt" count="5"/>
      <line num="266" type="method" name="build" crap="12" count="5"/>
      <line num="268" type="stmt" count="5"/>
      <line num="269" type="stmt" count="5"/>
      <line num="270" type="stmt" count="5"/>
      <line num="273" type="stmt" count="5"/>
      <line num="274" type="stmt" count="5"/>
      <line num="275" type="stmt" count="5"/>
      <line num="277" type="stmt" count="5"/>
      <line num="278" type="stmt" count="5"/>
      <line num="279" type="stmt" count="5"/>
      <line num="280" type="stmt" count="5"/>
      <line num="281" type="stmt" count="5"/>
      <line num="282" type="stmt" count="5"/>
      <line num="331" type="method" name="pluginPath" crap="1" count="0"/>
      <line num="346" type="method" name="themePath" crap="3" count="0"/>
      <line num="367" type="method" name="core" crap="1" count="0"/>
      <line num="394" type="method" name="objects" crap="27" count="5"/>
      <line num="395" type="stmt" count="5"/>
      <line num="396" type="stmt" count="5"/>
      <line num="397" type="stmt" count="5"/>
      <line num="399" type="stmt" count="5"/>
      <line num="403" type="stmt" count="5"/>
      <line num="408" type="stmt" count="5"/>
      <line num="410" type="stmt" count="5"/>
      <line num="414" type="stmt" count="5"/>
      <line num="416" type="stmt" count="5"/>
      <line num="421" type="stmt" count="5"/>
      <line num="425" type="stmt" count="5"/>
      <line num="427" type="stmt" count="5"/>
      <line num="428" type="stmt" count="5"/>
      <line num="430" type="stmt" count="5"/>
      <line num="431" type="stmt" count="5"/>
      <line num="432" type="stmt" count="5"/>
      <line num="434" type="stmt" count="5"/>
      <line num="435" type="stmt" count="5"/>
      <line num="436" type="stmt" count="5"/>
      <line num="437" type="stmt" count="5"/>
      <line num="438" type="stmt" count="5"/>
      <line num="439" type="stmt" count="5"/>
      <line num="440" type="stmt" count="5"/>
      <line num="441" type="stmt" count="5"/>
      <line num="443" type="stmt" count="5"/>
      <line num="444" type="stmt" count="5"/>
      <line num="445" type="stmt" count="5"/>
      <line num="446" type="stmt" count="5"/>
      <line num="447" type="stmt" count="5"/>
      <line num="448" type="stmt" count="5"/>
      <line num="449" type="stmt" count="5"/>
      <line num="451" type="stmt" count="5"/>
      <line num="452" type="stmt" count="5"/>
      <line num="453" type="stmt" count="5"/>
      <line num="454" type="stmt" count="5"/>
      <line num="455" type="stmt" count="5"/>
      <line num="457" type="stmt" count="5"/>
      <line num="458" type="stmt" count="5"/>
      <line num="462" type="stmt" count="5"/>
      <line num="463" type="stmt" count="5"/>
      <line num="466" type="stmt" count="5"/>
      <line num="468" type="stmt" count="5"/>
      <line num="486" type="method" name="uses" crap="1" count="5"/>
      <line num="487" type="stmt" count="5"/>
      <line num="488" type="stmt" count="5"/>
      <line num="499" type="method" name="load" crap="13" count="2"/>
      <line num="500" type="stmt" count="2"/>
      <line num="501" type="stmt" count="1"/>
      <line num="504" type="stmt" count="1"/>
      <line num="508" type="stmt" count="1"/>
      <line num="509" type="stmt" count="1"/>
      <line num="510" type="stmt" count="1"/>
      <line num="512" type="stmt" count="1"/>
      <line num="513" type="stmt" count="1"/>
      <line num="514" type="stmt" count="1"/>
      <line num="515" type="stmt" count="1"/>
      <line num="516" type="stmt" count="1"/>
      <line num="518" type="stmt" count="1"/>
      <line num="519" type="stmt" count="1"/>
      <line num="520" type="stmt" count="1"/>
      <line num="521" type="stmt" count="1"/>
      <line num="522" type="stmt" count="1"/>
      <line num="524" type="stmt" count="1"/>
      <line num="555" type="method" name="location" crap="2" count="0"/>
      <line num="580" type="method" name="import" crap="16" count="0"/>
      <line num="642" type="method" name="_loadClass" crap="11" count="0"/>
      <line num="680" type="method" name="_loadFile" crap="9" count="0"/>
      <line num="717" type="method" name="_loadVendor" crap="8" count="0"/>
      <line num="749" type="method" name="init" crap="1" count="0"/>
      <line num="763" type="method" name="_map" crap="3" count="1"/>
      <line num="764" type="stmt" count="1"/>
      <line num="767" type="stmt" count="1"/>
      <line num="769" type="stmt" count="1"/>
      <line num="770" type="stmt" count="1"/>
      <line num="771" type="stmt" count="1"/>
      <line num="772" type="stmt" count="1"/>
      <line num="781" type="method" name="_mapped" crap="4" count="1"/>
      <line num="782" type="stmt" count="1"/>
      <line num="789" type="stmt" count="1"/>
      <line num="792" type="stmt" count="1"/>
      <line num="800" type="method" name="_packageFormat" crap="2" count="0"/>
      <line num="886" type="method" name="shutdown" crap="3" count="0"/>
      <metrics loc="894" ncloc="543" classes="1" methods="19" coveredmethods="8" conditionals="0" coveredconditionals="0" statements="88" coveredstatements="88" elements="107" coveredelements="96"/>
    </file>
    <file name="/projects_php/library/cakephp/lib/Cake/Core/Configure.php">
      <class name="Configure" namespace="global" fullPackage="Cake.Core" package="Cake.Core">
        <metrics methods="11" coveredmethods="2" conditionals="0" coveredconditionals="0" statements="30" coveredstatements="30" elements="41" coveredelements="32"/>
      </class>
      <line num="65" type="method" name="bootstrap" crap="7" count="0"/>
      <line num="121" type="method" name="write" crap="11" count="5"/>
      <line num="122" type="stmt" count="5"/>
      <line num="123" type="stmt" count="4"/>
      <line num="124" type="stmt" count="4"/>
      <line num="126" type="stmt" count="5"/>
      <line num="127" type="stmt" count="5"/>
      <line num="128" type="stmt" count="5"/>
      <line num="129" type="stmt" count="5"/>
      <line num="147" type="stmt" count="5"/>
      <line num="149" type="stmt" count="5"/>
      <line num="150" type="stmt" count="5"/>
      <line num="153" type="stmt" count="5"/>
      <line num="155" type="stmt" count="5"/>
      <line num="156" type="stmt" count="5"/>
      <line num="173" type="method" name="read" crap="10" count="5"/>
      <line num="174" type="stmt" count="5"/>
      <line num="175" type="stmt" count="5"/>
      <line num="177" type="stmt" count="5"/>
      <line num="178" type="stmt" count="4"/>
      <line num="180" type="stmt" count="2"/>
      <line num="181" type="stmt" count="2"/>
      <line num="182" type="stmt" count="2"/>
      <line num="183" type="stmt" count="2"/>
      <line num="184" type="stmt" count="2"/>
      <line num="185" type="stmt" count="1"/>
      <line num="187" type="stmt" count="2"/>
      <line num="188" type="stmt" count="2"/>
      <line num="189" type="stmt" count="2"/>
      <line num="190" type="stmt" count="1"/>
      <line num="192" type="stmt" count="1"/>
      <line num="202" type="stmt" count="1"/>
      <line num="203" type="stmt" count="1"/>
      <line num="219" type="method" name="delete" crap="2" count="0"/>
      <line num="243" type="method" name="config" crap="1" count="0"/>
      <line num="253" type="method" name="configured" crap="2" count="0"/>
      <line num="267" type="method" name="drop" crap="2" count="0"/>
      <line num="300" type="method" name="load" crap="8" count="0"/>
      <line num="330" type="method" name="version" crap="2" count="0"/>
      <line num="348" type="method" name="store" crap="2" count="0"/>
      <line num="363" type="method" name="restore" crap="2" count="0"/>
      <metrics loc="387" ncloc="195" classes="1" methods="11" coveredmethods="2" conditionals="0" coveredconditionals="0" statements="30" coveredstatements="30" elements="41" coveredelements="32"/>
    </file>
    <file name="/projects_php/library/cakephp/lib/Cake/Core/Object.php">
      <class name="Object" namespace="global" fullPackage="Cake.Core" package="Cake.Core">
        <metrics methods="8" coveredmethods="2" conditionals="0" coveredconditionals="0" statements="16" coveredstatements="16" elements="24" coveredelements="18"/>
      </class>
      <line num="39" type="method" name="__construct" crap="1" count="5"/>
      <line num="40" type="stmt" count="5"/>
      <line num="48" type="method" name="toString" crap="1" count="0"/>
      <line num="73" type="method" name="requestAction" crap="9" count="0"/>
      <line num="115" type="method" name="dispatchMethod" crap="7" count="0"/>
      <line num="142" type="method" name="_stop" crap="1" count="0"/>
      <line num="154" type="method" name="log" crap="2" count="0"/>
      <line num="169" type="method" name="_set" crap="5" count="0"/>
      <line num="192" type="method" name="_mergeVars" crap="7" count="5"/>
      <line num="193" type="stmt" count="5"/>
      <line num="194" type="stmt" count="5"/>
      <line num="196" type="stmt" count="5"/>
      <line num="197" type="stmt" count="5"/>
      <line num="198" type="stmt" count="5"/>
      <line num="199" type="stmt" count="5"/>
      <line num="200" type="stmt" count="5"/>
      <line num="201" type="stmt" count="4"/>
      <line num="202" type="stmt" count="4"/>
      <line num="203" type="stmt" count="4"/>
      <line num="204" type="stmt" count="4"/>
      <line num="205" type="stmt" count="4"/>
      <line num="206" type="stmt" count="4"/>
      <line num="207" type="stmt" count="5"/>
      <line num="208" type="stmt" count="5"/>
      <metrics loc="209" ncloc="109" classes="1" methods="8" coveredmethods="2" conditionals="0" coveredconditionals="0" statements="16" coveredstatements="16" elements="24" coveredelements="18"/>
    </file>
    <file name="/projects_php/library/cakephp/lib/Cake/Error/exceptions.php">
      <class name="HttpException" namespace="global">
        <metrics methods="0" coveredmethods="0" conditionals="0" coveredconditionals="0" statements="0" coveredstatements="0" elements="0" coveredelements="0"/>
      </class>
      <class name="BadRequestException" namespace="global" fullPackage="Cake.Error" package="Cake.Error">
        <metrics methods="1" coveredmethods="0" conditionals="0" coveredconditionals="0" statements="0" coveredstatements="0" elements="1" coveredelements="0"/>
      </class>
      <class name="UnauthorizedException" namespace="global" fullPackage="Cake.Error" package="Cake.Error">
        <metrics methods="1" coveredmethods="0" conditionals="0" coveredconditionals="0" statements="0" coveredstatements="0" elements="1" coveredelements="0"/>
      </class>
      <class name="ForbiddenException" namespace="global" fullPackage="Cake.Error" package="Cake.Error">
        <metrics methods="1" coveredmethods="0" conditionals="0" coveredconditionals="0" statements="0" coveredstatements="0" elements="1" coveredelements="0"/>
      </class>
      <class name="NotFoundException" namespace="global" fullPackage="Cake.Error" package="Cake.Error">
        <metrics methods="1" coveredmethods="0" conditionals="0" coveredconditionals="0" statements="0" coveredstatements="0" elements="1" coveredelements="0"/>
      </class>
      <class name="MethodNotAllowedException" namespace="global" fullPackage="Cake.Error" package="Cake.Error">
        <metrics methods="1" coveredmethods="0" conditionals="0" coveredconditionals="0" statements="0" coveredstatements="0" elements="1" coveredelements="0"/>
      </class>
      <class name="InternalErrorException" namespace="global" fullPackage="Cake.Error" package="Cake.Error">
        <metrics methods="1" coveredmethods="0" conditionals="0" coveredconditionals="0" statements="0" coveredstatements="0" elements="1" coveredelements="0"/>
      </class>
      <class name="CakeException" namespace="global" fullPackage="Cake.Error" package="Cake.Error">
        <metrics methods="2" coveredmethods="1" conditionals="0" coveredconditionals="0" statements="3" coveredstatements="3" elements="5" coveredelements="4"/>
      </class>
      <class name="MissingControllerException" namespace="global" fullPackage="Cake.Error" package="Cake.Error">
        <metrics methods="1" coveredmethods="0" conditionals="0" coveredconditionals="0" statements="0" coveredstatements="0" elements="1" coveredelements="0"/>
      </class>
      <class name="MissingActionException" namespace="global" fullPackage="Cake.Error" package="Cake.Error">
        <metrics methods="1" coveredmethods="0" conditionals="0" coveredconditionals="0" statements="0" coveredstatements="0" elements="1" coveredelements="0"/>
      </class>
      <class name="PrivateActionException" namespace="global" fullPackage="Cake.Error" package="Cake.Error">
        <metrics methods="1" coveredmethods="0" conditionals="0" coveredconditionals="0" statements="0" coveredstatements="0" elements="1" coveredelements="0"/>
      </class>
      <class name="MissingComponentException" namespace="global" fullPackage="Cake.Error" package="Cake.Error">
        <metrics methods="0" coveredmethods="0" conditionals="0" coveredconditionals="0" statements="0" coveredstatements="0" elements="0" coveredelements="0"/>
      </class>
      <class name="MissingBehaviorException" namespace="global" fullPackage="Cake.Error" package="Cake.Error">
        <metrics methods="0" coveredmethods="0" conditionals="0" coveredconditionals="0" statements="0" coveredstatements="0" elements="0" coveredelements="0"/>
      </class>
      <class name="MissingViewException" namespace="global" fullPackage="Cake.Error" package="Cake.Error">
        <metrics methods="0" coveredmethods="0" conditionals="0" coveredconditionals="0" statements="0" coveredstatements="0" elements="0" coveredelements="0"/>
      </class>
      <class name="MissingLayoutException" namespace="global" fullPackage="Cake.Error" package="Cake.Error">
        <metrics methods="0" coveredmethods="0" conditionals="0" coveredconditionals="0" statements="0" coveredstatements="0" elements="0" coveredelements="0"/>
      </class>
      <class name="MissingHelperException" namespace="global" fullPackage="Cake.Error" package="Cake.Error">
        <metrics methods="0" coveredmethods="0" conditionals="0" coveredconditionals="0" statements="0" coveredstatements="0" elements="0" coveredelements="0"/>
      </class>
      <class name="MissingDatabaseException" namespace="global" fullPackage="Cake.Error" package="Cake.Error">
        <metrics methods="0" coveredmethods="0" conditionals="0" coveredconditionals="0" statements="0" coveredstatements="0" elements="0" coveredelements="0"/>
      </class>
      <class name="MissingConnectionException" namespace="global" fullPackage="Cake.Error" package="Cake.Error">
        <metrics methods="0" coveredmethods="0" conditionals="0" coveredconditionals="0" statements="0" coveredstatements="0" elements="0" coveredelements="0"/>
      </class>
      <class name="MissingTaskException" namespace="global" fullPackage="Cake.Error" package="Cake.Error">
        <metrics methods="0" coveredmethods="0" conditionals="0" coveredconditionals="0" statements="0" coveredstatements="0" elements="0" coveredelements="0"/>
      </class>
      <class name="MissingShellMethodException" namespace="global" fullPackage="Cake.Error" package="Cake.Error">
        <metrics methods="0" coveredmethods="0" conditionals="0" coveredconditionals="0" statements="0" coveredstatements="0" elements="0" coveredelements="0"/>
      </class>
      <class name="MissingShellException" namespace="global" fullPackage="Cake.Error" package="Cake.Error">
        <metrics methods="0" coveredmethods="0" conditionals="0" coveredconditionals="0" statements="0" coveredstatements="0" elements="0" coveredelements="0"/>
      </class>
      <class name="MissingDatasourceConfigException" namespace="global" fullPackage="Cake.Error" package="Cake.Error">
        <metrics methods="0" coveredmethods="0" conditionals="0" coveredconditionals="0" statements="0" coveredstatements="0" elements="0" coveredelements="0"/>
      </class>
      <class name="MissingDatasourceException" namespace="global" fullPackage="Cake.Error" package="Cake.Error">
        <metrics methods="0" coveredmethods="0" conditionals="0" coveredconditionals="0" statements="0" coveredstatements="0" elements="0" coveredelements="0"/>
      </class>
      <class name="MissingTableException" namespace="global" fullPackage="Cake.Error" package="Cake.Error">
        <metrics methods="0" coveredmethods="0" conditionals="0" coveredconditionals="0" statements="0" coveredstatements="0" elements="0" coveredelements="0"/>
      </class>
      <class name="MissingModelException" namespace="global" fullPackage="Cake.Error" package="Cake.Error">
        <metrics methods="0" coveredmethods="0" conditionals="0" coveredconditionals="0" statements="0" coveredstatements="0" elements="0" coveredelements="0"/>
      </class>
      <class name="MissingTestLoaderException" namespace="global" fullPackage="Cake.Error" package="Cake.Error">
        <metrics methods="0" coveredmethods="0" conditionals="0" coveredconditionals="0" statements="0" coveredstatements="0" elements="0" coveredelements="0"/>
      </class>
      <class name="MissingPluginException" namespace="global" fullPackage="Cake.Error" package="Cake.Error">
        <metrics methods="0" coveredmethods="0" conditionals="0" coveredconditionals="0" statements="0" coveredstatements="0" elements="0" coveredelements="0"/>
      </class>
      <class name="CacheException" namespace="global" fullPackage="Cake.Error" package="Cake.Error">
        <metrics methods="0" coveredmethods="0" conditionals="0" coveredconditionals="0" statements="0" coveredstatements="0" elements="0" coveredelements="0"/>
      </class>
      <class name="RouterException" namespace="global" fullPackage="Cake.Error" package="Cake.Error">
        <metrics methods="0" coveredmethods="0" conditionals="0" coveredconditionals="0" statements="0" coveredstatements="0" elements="0" coveredelements="0"/>
      </class>
      <class name="CakeLogException" namespace="global" fullPackage="Cake.Error" package="Cake.Error">
        <metrics methods="0" coveredmethods="0" conditionals="0" coveredconditionals="0" statements="0" coveredstatements="0" elements="0" coveredelements="0"/>
      </class>
      <class name="CakeSessionException" namespace="global" fullPackage="Cake.Error" package="Cake.Error">
        <metrics methods="0" coveredmethods="0" conditionals="0" coveredconditionals="0" statements="0" coveredstatements="0" elements="0" coveredelements="0"/>
      </class>
      <class name="ConfigureException" namespace="global" fullPackage="Cake.Error" package="Cake.Error">
        <metrics methods="0" coveredmethods="0" conditionals="0" coveredconditionals="0" statements="0" coveredstatements="0" elements="0" coveredelements="0"/>
      </class>
      <class name="SocketException" namespace="global" fullPackage="Cake.Error" package="Cake.Error">
        <metrics methods="0" coveredmethods="0" conditionals="0" coveredconditionals="0" statements="0" coveredstatements="0" elements="0" coveredelements="0"/>
      </class>
      <class name="XmlException" namespace="global" fullPackage="Cake.Error" package="Cake.Error">
        <metrics methods="0" coveredmethods="0" conditionals="0" coveredconditionals="0" statements="0" coveredstatements="0" elements="0" coveredelements="0"/>
      </class>
      <class name="ConsoleException" namespace="global" fullPackage="Cake.Error" package="Cake.Error">
        <metrics methods="0" coveredmethods="0" conditionals="0" coveredconditionals="0" statements="0" coveredstatements="0" elements="0" coveredelements="0"/>
      </class>
      <line num="44" type="method" name="__construct" crap="2" count="0"/>
      <line num="64" type="method" name="__construct" crap="2" count="0"/>
      <line num="84" type="method" name="__construct" crap="2" count="0"/>
      <line num="104" type="method" name="__construct" crap="2" count="0"/>
      <line num="124" type="method" name="__construct" crap="2" count="0"/>
      <line num="144" type="method" name="__construct" crap="2" count="0"/>
      <line num="184" type="method" name="__construct" crap="2" count="3"/>
      <line num="185" type="stmt" count="3"/>
      <line num="189" type="stmt" count="3"/>
      <line num="190" type="stmt" count="3"/>
      <line num="197" type="method" name="getAttributes" crap="1" count="0"/>
      <line num="211" type="method" name="__construct" crap="1" count="0"/>
      <line num="225" type="method" name="__construct" crap="1" count="0"/>
      <line num="239" type="method" name="__construct" crap="1" count="0"/>
      <metrics loc="450" ncloc="181" classes="35" methods="11" coveredmethods="1" conditionals="0" coveredconditionals="0" statements="3" coveredstatements="3" elements="14" coveredelements="4"/>
    </file>
    <file name="/projects_php/library/cakephp/lib/Cake/I18n/Multibyte.php">
      <class name="Multibyte" namespace="global" fullPackage="Cake.I18n" package="Cake.I18n">
        <metrics methods="19" coveredmethods="0" conditionals="0" coveredconditionals="0" statements="504" coveredstatements="0" elements="523" coveredelements="0"/>
      </class>
      <line num="31" type="stmt" count="1"/>
      <line num="32" type="stmt" count="1"/>
      <line num="33" type="stmt" count="0"/>
      <line num="35" type="stmt" count="1"/>
      <line num="49" type="stmt" count="1"/>
      <line num="50" type="stmt" count="1"/>
      <line num="51" type="stmt" count="0"/>
      <line num="53" type="stmt" count="1"/>
      <line num="63" type="stmt" count="1"/>
      <line num="64" type="stmt" count="1"/>
      <line num="65" type="stmt" count="0"/>
      <line num="67" type="stmt" count="1"/>
      <line num="79" type="stmt" count="1"/>
      <line num="80" type="stmt" count="1"/>
      <line num="81" type="stmt" count="0"/>
      <line num="83" type="stmt" count="1"/>
      <line num="97" type="stmt" count="1"/>
      <line num="98" type="stmt" count="1"/>
      <line num="99" type="stmt" count="0"/>
      <line num="101" type="stmt" count="1"/>
      <line num="115" type="stmt" count="1"/>
      <line num="116" type="stmt" count="1"/>
      <line num="117" type="stmt" count="0"/>
      <line num="119" type="stmt" count="1"/>
      <line num="131" type="stmt" count="1"/>
      <line num="132" type="stmt" count="1"/>
      <line num="133" type="stmt" count="0"/>
      <line num="135" type="stmt" count="1"/>
      <line num="148" type="stmt" count="1"/>
      <line num="149" type="stmt" count="1"/>
      <line num="150" type="stmt" count="0"/>
      <line num="152" type="stmt" count="1"/>
      <line num="166" type="stmt" count="1"/>
      <line num="167" type="stmt" count="1"/>
      <line num="168" type="stmt" count="0"/>
      <line num="170" type="stmt" count="1"/>
      <line num="179" type="stmt" count="1"/>
      <line num="180" type="stmt" count="1"/>
      <line num="181" type="stmt" count="0"/>
      <line num="183" type="stmt" count="1"/>
      <line num="192" type="stmt" count="1"/>
      <line num="193" type="stmt" count="1"/>
      <line num="194" type="stmt" count="0"/>
      <line num="196" type="stmt" count="1"/>
      <line num="206" type="stmt" count="1"/>
      <line num="207" type="stmt" count="1"/>
      <line num="208" type="stmt" count="0"/>
      <line num="210" type="stmt" count="1"/>
      <line num="221" type="stmt" count="1"/>
      <line num="222" type="stmt" count="1"/>
      <line num="223" type="stmt" count="0"/>
      <line num="225" type="stmt" count="1"/>
      <line num="242" type="stmt" count="1"/>
      <line num="243" type="stmt" count="1"/>
      <line num="244" type="stmt" count="0"/>
      <line num="246" type="stmt" count="1"/>
      <line num="254" type="stmt" count="1"/>
      <line num="284" type="method" name="utf8" crap="56" count="0"/>
      <line num="285" type="stmt" count="0"/>
      <line num="287" type="stmt" count="0"/>
      <line num="288" type="stmt" count="0"/>
      <line num="289" type="stmt" count="0"/>
      <line num="291" type="stmt" count="0"/>
      <line num="292" type="stmt" count="0"/>
      <line num="294" type="stmt" count="0"/>
      <line num="295" type="stmt" count="0"/>
      <line num="296" type="stmt" count="0"/>
      <line num="297" type="stmt" count="0"/>
      <line num="298" type="stmt" count="0"/>
      <line num="299" type="stmt" count="0"/>
      <line num="300" type="stmt" count="0"/>
      <line num="302" type="stmt" count="0"/>
      <line num="303" type="stmt" count="0"/>
      <line num="304" type="stmt" count="0"/>
      <line num="305" type="stmt" count="0"/>
      <line num="306" type="stmt" count="0"/>
      <line num="308" type="stmt" count="0"/>
      <line num="309" type="stmt" count="0"/>
      <line num="310" type="stmt" count="0"/>
      <line num="312" type="stmt" count="0"/>
      <line num="313" type="stmt" count="0"/>
      <line num="323" type="method" name="ascii" crap="20" count="0"/>
      <line num="324" type="stmt" count="0"/>
      <line num="326" type="stmt" count="0"/>
      <line num="327" type="stmt" count="0"/>
      <line num="328" type="stmt" count="0"/>
      <line num="329" type="stmt" count="0"/>
      <line num="330" type="stmt" count="0"/>
      <line num="331" type="stmt" count="0"/>
      <line num="332" type="stmt" count="0"/>
      <line num="333" type="stmt" count="0"/>
      <line num="334" type="stmt" count="0"/>
      <line num="335" type="stmt" count="0"/>
      <line num="337" type="stmt" count="0"/>
      <line num="338" type="stmt" count="0"/>
      <line num="350" type="method" name="stripos" crap="6" count="0"/>
      <line num="351" type="stmt" count="0"/>
      <line num="352" type="stmt" count="0"/>
      <line num="353" type="stmt" count="0"/>
      <line num="354" type="stmt" count="0"/>
      <line num="356" type="stmt" count="0"/>
      <line num="370" type="method" name="stristr" crap="342" count="0"/>
      <line num="371" type="stmt" count="0"/>
      <line num="373" type="stmt" count="0"/>
      <line num="374" type="stmt" count="0"/>
      <line num="375" type="stmt" count="0"/>
      <line num="376" type="stmt" count="0"/>
      <line num="378" type="stmt" count="0"/>
      <line num="379" type="stmt" count="0"/>
      <line num="381" type="stmt" count="0"/>
      <line num="382" type="stmt" count="0"/>
      <line num="383" type="stmt" count="0"/>
      <line num="385" type="stmt" count="0"/>
      <line num="386" type="stmt" count="0"/>
      <line num="388" type="stmt" count="0"/>
      <line num="389" type="stmt" count="0"/>
      <line num="390" type="stmt" count="0"/>
      <line num="391" type="stmt" count="0"/>
      <line num="392" type="stmt" count="0"/>
      <line num="394" type="stmt" count="0"/>
      <line num="395" type="stmt" count="0"/>
      <line num="396" type="stmt" count="0"/>
      <line num="397" type="stmt" count="0"/>
      <line num="398" type="stmt" count="0"/>
      <line num="399" type="stmt" count="0"/>
      <line num="400" type="stmt" count="0"/>
      <line num="401" type="stmt" count="0"/>
      <line num="402" type="stmt" count="0"/>
      <line num="403" type="stmt" count="0"/>
      <line num="404" type="stmt" count="0"/>
      <line num="406" type="stmt" count="0"/>
      <line num="407" type="stmt" count="0"/>
      <line num="408" type="stmt" count="0"/>
      <line num="409" type="stmt" count="0"/>
      <line num="411" type="stmt" count="0"/>
      <line num="414" type="stmt" count="0"/>
      <line num="415" type="stmt" count="0"/>
      <line num="417" type="stmt" count="0"/>
      <line num="426" type="method" name="strlen" crap="6" count="0"/>
      <line num="427" type="stmt" count="0"/>
      <line num="428" type="stmt" count="0"/>
      <line num="429" type="stmt" count="0"/>
      <line num="431" type="stmt" count="0"/>
      <line num="443" type="method" name="strpos" crap="110" count="0"/>
      <line num="444" type="stmt" count="0"/>
      <line num="445" type="stmt" count="0"/>
      <line num="447" type="stmt" count="0"/>
      <line num="448" type="stmt" count="0"/>
      <line num="450" type="stmt" count="0"/>
      <line num="451" type="stmt" count="0"/>
      <line num="453" type="stmt" count="0"/>
      <line num="455" type="stmt" count="0"/>
      <line num="456" type="stmt" count="0"/>
      <line num="457" type="stmt" count="0"/>
      <line num="458" type="stmt" count="0"/>
      <line num="459" type="stmt" count="0"/>
      <line num="461" type="stmt" count="0"/>
      <line num="462" type="stmt" count="0"/>
      <line num="463" type="stmt" count="0"/>
      <line num="464" type="stmt" count="0"/>
      <line num="465" type="stmt" count="0"/>
      <line num="466" type="stmt" count="0"/>
      <line num="467" type="stmt" count="0"/>
      <line num="468" type="stmt" count="0"/>
      <line num="469" type="stmt" count="0"/>
      <line num="470" type="stmt" count="0"/>
      <line num="472" type="stmt" count="0"/>
      <line num="474" type="stmt" count="0"/>
      <line num="488" type="method" name="strrchr" crap="342" count="0"/>
      <line num="489" type="stmt" count="0"/>
      <line num="490" type="stmt" count="0"/>
      <line num="492" type="stmt" count="0"/>
      <line num="493" type="stmt" count="0"/>
      <line num="495" type="stmt" count="0"/>
      <line num="497" type="stmt" count="0"/>
      <line num="498" type="stmt" count="0"/>
      <line num="500" type="stmt" count="0"/>
      <line num="501" type="stmt" count="0"/>
      <line num="503" type="stmt" count="0"/>
      <line num="504" type="stmt" count="0"/>
      <line num="505" type="stmt" count="0"/>
      <line num="506" type="stmt" count="0"/>
      <line num="507" type="stmt" count="0"/>
      <line num="508" type="stmt" count="0"/>
      <line num="509" type="stmt" count="0"/>
      <line num="510" type="stmt" count="0"/>
      <line num="511" type="stmt" count="0"/>
      <line num="512" type="stmt" count="0"/>
      <line num="514" type="stmt" count="0"/>
      <line num="515" type="stmt" count="0"/>
      <line num="516" type="stmt" count="0"/>
      <line num="517" type="stmt" count="0"/>
      <line num="518" type="stmt" count="0"/>
      <line num="519" type="stmt" count="0"/>
      <line num="520" type="stmt" count="0"/>
      <line num="522" type="stmt" count="0"/>
      <line num="523" type="stmt" count="0"/>
      <line num="524" type="stmt" count="0"/>
      <line num="525" type="stmt" count="0"/>
      <line num="526" type="stmt" count="0"/>
      <line num="527" type="stmt" count="0"/>
      <line num="529" type="stmt" count="0"/>
      <line num="530" type="stmt" count="0"/>
      <line num="531" type="stmt" count="0"/>
      <line num="532" type="stmt" count="0"/>
      <line num="534" type="stmt" count="0"/>
      <line num="548" type="method" name="strrichr" crap="342" count="0"/>
      <line num="549" type="stmt" count="0"/>
      <line num="550" type="stmt" count="0"/>
      <line num="551" type="stmt" count="0"/>
      <line num="553" type="stmt" count="0"/>
      <line num="554" type="stmt" count="0"/>
      <line num="556" type="stmt" count="0"/>
      <line num="558" type="stmt" count="0"/>
      <line num="559" type="stmt" count="0"/>
      <line num="560" type="stmt" count="0"/>
      <line num="562" type="stmt" count="0"/>
      <line num="563" type="stmt" count="0"/>
      <line num="565" type="stmt" count="0"/>
      <line num="566" type="stmt" count="0"/>
      <line num="567" type="stmt" count="0"/>
      <line num="568" type="stmt" count="0"/>
      <line num="569" type="stmt" count="0"/>
      <line num="570" type="stmt" count="0"/>
      <line num="571" type="stmt" count="0"/>
      <line num="572" type="stmt" count="0"/>
      <line num="573" type="stmt" count="0"/>
      <line num="574" type="stmt" count="0"/>
      <line num="576" type="stmt" count="0"/>
      <line num="577" type="stmt" count="0"/>
      <line num="578" type="stmt" count="0"/>
      <line num="579" type="stmt" count="0"/>
      <line num="580" type="stmt" count="0"/>
      <line num="581" type="stmt" count="0"/>
      <line num="582" type="stmt" count="0"/>
      <line num="584" type="stmt" count="0"/>
      <line num="585" type="stmt" count="0"/>
      <line num="586" type="stmt" count="0"/>
      <line num="587" type="stmt" count="0"/>
      <line num="588" type="stmt" count="0"/>
      <line num="589" type="stmt" count="0"/>
      <line num="591" type="stmt" count="0"/>
      <line num="592" type="stmt" count="0"/>
      <line num="593" type="stmt" count="0"/>
      <line num="594" type="stmt" count="0"/>
      <line num="596" type="stmt" count="0"/>
      <line num="608" type="method" name="strripos" crap="210" count="0"/>
      <line num="609" type="stmt" count="0"/>
      <line num="610" type="stmt" count="0"/>
      <line num="611" type="stmt" count="0"/>
      <line num="612" type="stmt" count="0"/>
      <line num="613" type="stmt" count="0"/>
      <line num="615" type="stmt" count="0"/>
      <line num="617" type="stmt" count="0"/>
      <line num="618" type="stmt" count="0"/>
      <line num="619" type="stmt" count="0"/>
      <line num="621" type="stmt" count="0"/>
      <line num="623" type="stmt" count="0"/>
      <line num="624" type="stmt" count="0"/>
      <line num="625" type="stmt" count="0"/>
      <line num="626" type="stmt" count="0"/>
      <line num="627" type="stmt" count="0"/>
      <line num="628" type="stmt" count="0"/>
      <line num="629" type="stmt" count="0"/>
      <line num="630" type="stmt" count="0"/>
      <line num="632" type="stmt" count="0"/>
      <line num="633" type="stmt" count="0"/>
      <line num="635" type="stmt" count="0"/>
      <line num="636" type="stmt" count="0"/>
      <line num="637" type="stmt" count="0"/>
      <line num="638" type="stmt" count="0"/>
      <line num="639" type="stmt" count="0"/>
      <line num="640" type="stmt" count="0"/>
      <line num="641" type="stmt" count="0"/>
      <line num="642" type="stmt" count="0"/>
      <line num="643" type="stmt" count="0"/>
      <line num="644" type="stmt" count="0"/>
      <line num="646" type="stmt" count="0"/>
      <line num="659" type="method" name="strrpos" crap="210" count="0"/>
      <line num="660" type="stmt" count="0"/>
      <line num="661" type="stmt" count="0"/>
      <line num="663" type="stmt" count="0"/>
      <line num="664" type="stmt" count="0"/>
      <line num="666" type="stmt" count="0"/>
      <line num="668" type="stmt" count="0"/>
      <line num="669" type="stmt" count="0"/>
      <line num="671" type="stmt" count="0"/>
      <line num="673" type="stmt" count="0"/>
      <line num="674" type="stmt" count="0"/>
      <line num="675" type="stmt" count="0"/>
      <line num="676" type="stmt" count="0"/>
      <line num="677" type="stmt" count="0"/>
      <line num="678" type="stmt" count="0"/>
      <line num="679" type="stmt" count="0"/>
      <line num="680" type="stmt" count="0"/>
      <line num="682" type="stmt" count="0"/>
      <line num="683" type="stmt" count="0"/>
      <line num="685" type="stmt" count="0"/>
      <line num="686" type="stmt" count="0"/>
      <line num="687" type="stmt" count="0"/>
      <line num="688" type="stmt" count="0"/>
      <line num="689" type="stmt" count="0"/>
      <line num="690" type="stmt" count="0"/>
      <line num="691" type="stmt" count="0"/>
      <line num="692" type="stmt" count="0"/>
      <line num="693" type="stmt" count="0"/>
      <line num="694" type="stmt" count="0"/>
      <line num="696" type="stmt" count="0"/>
      <line num="710" type="method" name="strstr" crap="342" count="0"/>
      <line num="711" type="stmt" count="0"/>
      <line num="713" type="stmt" count="0"/>
      <line num="714" type="stmt" count="0"/>
      <line num="715" type="stmt" count="0"/>
      <line num="717" type="stmt" count="0"/>
      <line num="718" type="stmt" count="0"/>
      <line num="720" type="stmt" count="0"/>
      <line num="721" type="stmt" count="0"/>
      <line num="723" type="stmt" count="0"/>
      <line num="724" type="stmt" count="0"/>
      <line num="726" type="stmt" count="0"/>
      <line num="727" type="stmt" count="0"/>
      <line num="728" type="stmt" count="0"/>
      <line num="729" type="stmt" count="0"/>
      <line num="730" type="stmt" count="0"/>
      <line num="732" type="stmt" count="0"/>
      <line num="733" type="stmt" count="0"/>
      <line num="734" type="stmt" count="0"/>
      <line num="735" type="stmt" count="0"/>
      <line num="736" type="stmt" count="0"/>
      <line num="737" type="stmt" count="0"/>
      <line num="738" type="stmt" count="0"/>
      <line num="739" type="stmt" count="0"/>
      <line num="740" type="stmt" count="0"/>
      <line num="741" type="stmt" count="0"/>
      <line num="742" type="stmt" count="0"/>
      <line num="744" type="stmt" count="0"/>
      <line num="745" type="stmt" count="0"/>
      <line num="746" type="stmt" count="0"/>
      <line num="747" type="stmt" count="0"/>
      <line num="749" type="stmt" count="0"/>
      <line num="752" type="stmt" count="0"/>
      <line num="753" type="stmt" count="0"/>
      <line num="755" type="stmt" count="0"/>
      <line num="764" type="method" name="strtolower" crap="90" count="0"/>
      <line num="765" type="stmt" count="0"/>
      <line num="767" type="stmt" count="0"/>
      <line num="768" type="stmt" count="0"/>
      <line num="770" type="stmt" count="0"/>
      <line num="771" type="stmt" count="0"/>
      <line num="773" type="stmt" count="0"/>
      <line num="774" type="stmt" count="0"/>
      <line num="775" type="stmt" count="0"/>
      <line num="776" type="stmt" count="0"/>
      <line num="777" type="stmt" count="0"/>
      <line num="778" type="stmt" count="0"/>
      <line num="779" type="stmt" count="0"/>
      <line num="780" type="stmt" count="0"/>
      <line num="781" type="stmt" count="0"/>
      <line num="782" type="stmt" count="0"/>
      <line num="783" type="stmt" count="0"/>
      <line num="785" type="stmt" count="0"/>
      <line num="786" type="stmt" count="0"/>
      <line num="787" type="stmt" count="0"/>
      <line num="788" type="stmt" count="0"/>
      <line num="789" type="stmt" count="0"/>
      <line num="790" type="stmt" count="0"/>
      <line num="792" type="stmt" count="0"/>
      <line num="793" type="stmt" count="0"/>
      <line num="795" type="stmt" count="0"/>
      <line num="796" type="stmt" count="0"/>
      <line num="797" type="stmt" count="0"/>
      <line num="798" type="stmt" count="0"/>
      <line num="799" type="stmt" count="0"/>
      <line num="808" type="method" name="strtoupper" crap="552" count="0"/>
      <line num="809" type="stmt" count="0"/>
      <line num="811" type="stmt" count="0"/>
      <line num="812" type="stmt" count="0"/>
      <line num="813" type="stmt" count="0"/>
      <line num="815" type="stmt" count="0"/>
      <line num="816" type="stmt" count="0"/>
      <line num="818" type="stmt" count="0"/>
      <line num="819" type="stmt" count="0"/>
      <line num="820" type="stmt" count="0"/>
      <line num="821" type="stmt" count="0"/>
      <line num="822" type="stmt" count="0"/>
      <line num="823" type="stmt" count="0"/>
      <line num="824" type="stmt" count="0"/>
      <line num="825" type="stmt" count="0"/>
      <line num="827" type="stmt" count="0"/>
      <line num="828" type="stmt" count="0"/>
      <line num="829" type="stmt" count="0"/>
      <line num="830" type="stmt" count="0"/>
      <line num="832" type="stmt" count="0"/>
      <line num="833" type="stmt" count="0"/>
      <line num="834" type="stmt" count="0"/>
      <line num="835" type="stmt" count="0"/>
      <line num="836" type="stmt" count="0"/>
      <line num="837" type="stmt" count="0"/>
      <line num="839" type="stmt" count="0"/>
      <line num="840" type="stmt" count="0"/>
      <line num="842" type="stmt" count="0"/>
      <line num="843" type="stmt" count="0"/>
      <line num="844" type="stmt" count="0"/>
      <line num="845" type="stmt" count="0"/>
      <line num="846" type="stmt" count="0"/>
      <line num="847" type="stmt" count="0"/>
      <line num="848" type="stmt" count="0"/>
      <line num="849" type="stmt" count="0"/>
      <line num="850" type="stmt" count="0"/>
      <line num="852" type="stmt" count="0"/>
      <line num="853" type="stmt" count="0"/>
      <line num="854" type="stmt" count="0"/>
      <line num="855" type="stmt" count="0"/>
      <line num="857" type="stmt" count="0"/>
      <line num="859" type="stmt" count="0"/>
      <line num="860" type="stmt" count="0"/>
      <line num="862" type="stmt" count="0"/>
      <line num="863" type="stmt" count="0"/>
      <line num="864" type="stmt" count="0"/>
      <line num="865" type="stmt" count="0"/>
      <line num="866" type="stmt" count="0"/>
      <line num="867" type="stmt" count="0"/>
      <line num="868" type="stmt" count="0"/>
      <line num="869" type="stmt" count="0"/>
      <line num="870" type="stmt" count="0"/>
      <line num="872" type="stmt" count="0"/>
      <line num="873" type="stmt" count="0"/>
      <line num="874" type="stmt" count="0"/>
      <line num="875" type="stmt" count="0"/>
      <line num="876" type="stmt" count="0"/>
      <line num="877" type="stmt" count="0"/>
      <line num="878" type="stmt" count="0"/>
      <line num="880" type="stmt" count="0"/>
      <line num="881" type="stmt" count="0"/>
      <line num="883" type="stmt" count="0"/>
      <line num="884" type="stmt" count="0"/>
      <line num="885" type="stmt" count="0"/>
      <line num="886" type="stmt" count="0"/>
      <line num="887" type="stmt" count="0"/>
      <line num="897" type="method" name="substrCount" crap="132" count="0"/>
      <line num="898" type="stmt" count="0"/>
      <line num="899" type="stmt" count="0"/>
      <line num="900" type="stmt" count="0"/>
      <line num="901" type="stmt" count="0"/>
      <line num="902" type="stmt" count="0"/>
      <line num="903" type="stmt" count="0"/>
      <line num="905" type="stmt" count="0"/>
      <line num="906" type="stmt" count="0"/>
      <line num="909" type="stmt" count="0"/>
      <line num="910" type="stmt" count="0"/>
      <line num="911" type="stmt" count="0"/>
      <line num="912" type="stmt" count="0"/>
      <line num="913" type="stmt" count="0"/>
      <line num="914" type="stmt" count="0"/>
      <line num="915" type="stmt" count="0"/>
      <line num="916" type="stmt" count="0"/>
      <line num="918" type="stmt" count="0"/>
      <line num="919" type="stmt" count="0"/>
      <line num="920" type="stmt" count="0"/>
      <line num="921" type="stmt" count="0"/>
      <line num="922" type="stmt" count="0"/>
      <line num="933" type="method" name="substr" crap="56" count="0"/>
      <line num="934" type="stmt" count="0"/>
      <line num="935" type="stmt" count="0"/>
      <line num="938" type="stmt" count="0"/>
      <line num="940" type="stmt" count="0"/>
      <line num="941" type="stmt" count="0"/>
      <line num="942" type="stmt" count="0"/>
      <line num="944" type="stmt" count="0"/>
      <line num="945" type="stmt" count="0"/>
      <line num="947" type="stmt" count="0"/>
      <line num="949" type="stmt" count="0"/>
      <line num="950" type="stmt" count="0"/>
      <line num="951" type="stmt" count="0"/>
      <line num="952" type="stmt" count="0"/>
      <line num="953" type="stmt" count="0"/>
      <line num="965" type="method" name="mimeEncode" crap="72" count="0"/>
      <line num="966" type="stmt" count="0"/>
      <line num="967" type="stmt" count="0"/>
      <line num="970" type="stmt" count="0"/>
      <line num="971" type="stmt" count="0"/>
      <line num="972" type="stmt" count="0"/>
      <line num="973" type="stmt" count="0"/>
      <line num="975" type="stmt" count="0"/>
      <line num="976" type="stmt" count="0"/>
      <line num="977" type="stmt" count="0"/>
      <line num="979" type="stmt" count="0"/>
      <line num="980" type="stmt" count="0"/>
      <line num="981" type="stmt" count="0"/>
      <line num="982" type="stmt" count="0"/>
      <line num="983" type="stmt" count="0"/>
      <line num="984" type="stmt" count="0"/>
      <line num="985" type="stmt" count="0"/>
      <line num="986" type="stmt" count="0"/>
      <line num="987" type="stmt" count="0"/>
      <line num="988" type="stmt" count="0"/>
      <line num="989" type="stmt" count="0"/>
      <line num="990" type="stmt" count="0"/>
      <line num="991" type="stmt" count="0"/>
      <line num="992" type="stmt" count="0"/>
      <line num="993" type="stmt" count="0"/>
      <line num="994" type="stmt" count="0"/>
      <line num="995" type="stmt" count="0"/>
      <line num="996" type="stmt" count="0"/>
      <line num="997" type="stmt" count="0"/>
      <line num="998" type="stmt" count="0"/>
      <line num="1000" type="stmt" count="0"/>
      <line num="1009" type="method" name="_codepoint" crap="650" count="0"/>
      <line num="1010" type="stmt" count="0"/>
      <line num="1011" type="stmt" count="0"/>
      <line num="1012" type="stmt" count="0"/>
      <line num="1013" type="stmt" count="0"/>
      <line num="1014" type="stmt" count="0"/>
      <line num="1015" type="stmt" count="0"/>
      <line num="1016" type="stmt" count="0"/>
      <line num="1017" type="stmt" count="0"/>
      <line num="1018" type="stmt" count="0"/>
      <line num="1019" type="stmt" count="0"/>
      <line num="1020" type="stmt" count="0"/>
      <line num="1021" type="stmt" count="0"/>
      <line num="1022" type="stmt" count="0"/>
      <line num="1023" type="stmt" count="0"/>
      <line num="1024" type="stmt" count="0"/>
      <line num="1025" type="stmt" count="0"/>
      <line num="1026" type="stmt" count="0"/>
      <line num="1027" type="stmt" count="0"/>
      <line num="1028" type="stmt" count="0"/>
      <line num="1029" type="stmt" count="0"/>
      <line num="1030" type="stmt" count="0"/>
      <line num="1031" type="stmt" count="0"/>
      <line num="1032" type="stmt" count="0"/>
      <line num="1033" type="stmt" count="0"/>
      <line num="1034" type="stmt" count="0"/>
      <line num="1035" type="stmt" count="0"/>
      <line num="1036" type="stmt" count="0"/>
      <line num="1037" type="stmt" count="0"/>
      <line num="1038" type="stmt" count="0"/>
      <line num="1039" type="stmt" count="0"/>
      <line num="1040" type="stmt" count="0"/>
      <line num="1041" type="stmt" count="0"/>
      <line num="1042" type="stmt" count="0"/>
      <line num="1043" type="stmt" count="0"/>
      <line num="1044" type="stmt" count="0"/>
      <line num="1045" type="stmt" count="0"/>
      <line num="1047" type="stmt" count="0"/>
      <line num="1048" type="stmt" count="0"/>
      <line num="1058" type="method" name="_find" crap="110" count="0"/>
      <line num="1059" type="stmt" count="0"/>
      <line num="1060" type="stmt" count="0"/>
      <line num="1061" type="stmt" count="0"/>
      <line num="1062" type="stmt" count="0"/>
      <line num="1063" type="stmt" count="0"/>
      <line num="1065" type="stmt" count="0"/>
      <line num="1066" type="stmt" count="0"/>
      <line num="1067" type="stmt" count="0"/>
      <line num="1068" type="stmt" count="0"/>
      <line num="1069" type="stmt" count="0"/>
      <line num="1070" type="stmt" count="0"/>
      <line num="1071" type="stmt" count="0"/>
      <line num="1072" type="stmt" count="0"/>
      <line num="1074" type="stmt" count="0"/>
      <line num="1075" type="stmt" count="0"/>
      <line num="1077" type="stmt" count="0"/>
      <line num="1078" type="stmt" count="0"/>
      <line num="1080" type="stmt" count="0"/>
      <line num="1081" type="stmt" count="0"/>
      <line num="1082" type="stmt" count="0"/>
      <line num="1083" type="stmt" count="0"/>
      <line num="1084" type="stmt" count="0"/>
      <line num="1085" type="stmt" count="0"/>
      <line num="1086" type="stmt" count="0"/>
      <line num="1087" type="stmt" count="0"/>
      <line num="1095" type="method" name="checkMultibyte" crap="12" count="0"/>
      <line num="1096" type="stmt" count="0"/>
      <line num="1098" type="stmt" count="0"/>
      <line num="1099" type="stmt" count="0"/>
      <line num="1100" type="stmt" count="0"/>
      <line num="1101" type="stmt" count="0"/>
      <line num="1103" type="stmt" count="0"/>
      <line num="1104" type="stmt" count="0"/>
      <line num="1107" type="stmt" count="1"/>
      <metrics loc="1106" ncloc="735" classes="1" methods="19" coveredmethods="0" conditionals="0" coveredconditionals="0" statements="562" coveredstatements="44" elements="581" coveredelements="44"/>
    </file>
    <file name="/projects_php/library/cakephp/lib/Cake/Model/Behavior/ContainableBehavior.php">
      <class name="ContainableBehavior" namespace="global" fullPackage="Cake.Model.Behavior" package="Cake.Model.Behavior">
        <metrics methods="7" coveredmethods="1" conditionals="0" coveredconditionals="0" statements="5" coveredstatements="5" elements="12" coveredelements="6"/>
      </class>
      <line num="64" type="method" name="setup" crap="2" count="5"/>
      <line num="65" type="stmt" count="5"/>
      <line num="66" type="stmt" count="5"/>
      <line num="67" type="stmt" count="5"/>
      <line num="68" type="stmt" count="5"/>
      <line num="69" type="stmt" count="5"/>
      <line num="92" type="method" name="beforeFind" crap="55" count="0"/>
      <line num="228" type="method" name="contain" crap="1" count="0"/>
      <line num="242" type="method" name="resetBindings" crap="4" count="0"/>
      <line num="266" type="method" name="containments" crap="38" count="0"/>
      <line num="369" type="method" name="fieldDependencies" crap="15" count="0"/>
      <line num="414" type="method" name="containmentsMap" crap="6" count="0"/>
      <metrics loc="428" ncloc="313" classes="1" methods="7" coveredmethods="1" conditionals="0" coveredconditionals="0" statements="5" coveredstatements="5" elements="12" coveredelements="6"/>
    </file>
    <file name="/projects_php/library/cakephp/lib/Cake/Model/BehaviorCollection.php">
      <class name="BehaviorCollection" namespace="global" fullPackage="Cake.Model" package="Cake.Model">
        <metrics methods="8" coveredmethods="3" conditionals="0" coveredconditionals="0" statements="51" coveredstatements="51" elements="59" coveredelements="54"/>
      </class>
      <line num="62" type="method" name="init" crap="3" count="5"/>
      <line num="63" type="stmt" count="5"/>
      <line num="65" type="stmt" count="5"/>
      <line num="66" type="stmt" count="5"/>
      <line num="67" type="stmt" count="5"/>
      <line num="68" type="stmt" count="5"/>
      <line num="69" type="stmt" count="5"/>
      <line num="70" type="stmt" count="5"/>
      <line num="80" type="method" name="attach" crap="1" count="0"/>
      <line num="104" type="method" name="load" crap="23" count="5"/>
      <line num="105" type="stmt" count="5"/>
      <line num="109" type="stmt" count="5"/>
      <line num="110" type="stmt" count="5"/>
      <line num="112" type="stmt" count="5"/>
      <line num="113" type="stmt" count="5"/>
      <line num="114" type="stmt" count="5"/>
      <line num="115" type="stmt" count="5"/>
      <line num="117" type="stmt" count="5"/>
      <line num="119" type="stmt" count="5"/>
      <line num="120" type="stmt" count="5"/>
      <line num="127" type="stmt" count="5"/>
      <line num="128" type="stmt" count="5"/>
      <line num="131" type="stmt" count="5"/>
      <line num="132" type="stmt" count="5"/>
      <line num="133" type="stmt" count="5"/>
      <line num="134" type="stmt" count="4"/>
      <line num="135" type="stmt" count="4"/>
      <line num="137" type="stmt" count="5"/>
      <line num="144" type="stmt" count="5"/>
      <line num="145" type="stmt" count="5"/>
      <line num="146" type="stmt" count="5"/>
      <line num="147" type="stmt" count="5"/>
      <line num="149" type="stmt" count="5"/>
      <line num="151" type="stmt" count="5"/>
      <line num="152" type="stmt" count="5"/>
      <line num="153" type="stmt" count="5"/>
      <line num="155" type="stmt" count="5"/>
      <line num="156" type="stmt" count="5"/>
      <line num="157" type="stmt" count="5"/>
      <line num="159" type="stmt" count="5"/>
      <line num="160" type="stmt" count="5"/>
      <line num="162" type="stmt" count="5"/>
      <line num="163" type="stmt" count="5"/>
      <line num="164" type="stmt" count="5"/>
      <line num="165" type="stmt" count="5"/>
      <line num="166" type="stmt" count="5"/>
      <line num="167" type="stmt" count="5"/>
      <line num="168" type="stmt" count="5"/>
      <line num="169" type="stmt" count="5"/>
      <line num="171" type="stmt" count="5"/>
      <line num="172" type="stmt" count="5"/>
      <line num="173" type="stmt" count="5"/>
      <line num="176" type="stmt" count="5"/>
      <line num="185" type="method" name="unload" crap="5" count="0"/>
      <line num="206" type="method" name="detach" crap="1" count="0"/>
      <line num="222" type="method" name="dispatchMethod" crap="5" count="0"/>
      <line num="248" type="method" name="methods" crap="1" count="4"/>
      <line num="249" type="stmt" count="4"/>
      <line num="261" type="method" name="hasMethod" crap="6" count="0"/>
      <metrics loc="277" ncloc="160" classes="1" methods="8" coveredmethods="3" conditionals="0" coveredconditionals="0" statements="51" coveredstatements="51" elements="59" coveredelements="54"/>
    </file>
    <file name="/projects_php/library/cakephp/lib/Cake/Model/ConnectionManager.php">
      <class name="ConnectionManager" namespace="global" fullPackage="Cake.Model" package="Cake.Model">
        <metrics methods="10" coveredmethods="1" conditionals="0" coveredconditionals="0" statements="4" coveredstatements="4" elements="14" coveredelements="5"/>
      </class>
      <line num="67" type="method" name="_init" crap="2" count="0"/>
      <line num="83" type="method" name="getDataSource" crap="4" count="4"/>
      <line num="84" type="stmt" count="4"/>
      <line num="88" type="stmt" count="4"/>
      <line num="89" type="stmt" count="4"/>
      <line num="90" type="stmt" count="4"/>
      <line num="114" type="method" name="sourceList" crap="2" count="0"/>
      <line num="128" type="method" name="getSourceName" crap="4" count="0"/>
      <line num="149" type="method" name="loadDataSource" crap="7" count="0"/>
      <line num="188" type="method" name="enumConnectionObjects" crap="2" count="0"/>
      <line num="202" type="method" name="create" crap="5" count="0"/>
      <line num="222" type="method" name="drop" crap="3" count="0"/>
      <line num="241" type="method" name="_getConnectionObject" crap="2" count="0"/>
      <line num="255" type="method" name="_connectionData" crap="2" count="0"/>
      <metrics loc="265" ncloc="150" classes="1" methods="10" coveredmethods="1" conditionals="0" coveredconditionals="0" statements="4" coveredstatements="4" elements="14" coveredelements="5"/>
    </file>
    <file name="/projects_php/library/cakephp/lib/Cake/Model/Datasource/CakeSession.php">
      <class name="CakeSession" namespace="global" fullPackage="Cake.Model.Datasource" package="Cake.Model.Datasource">
        <metrics methods="26" coveredmethods="14" conditionals="0" coveredconditionals="0" statements="285" coveredstatements="121" elements="311" coveredelements="135"/>
      </class>
      <line num="25" type="stmt" count="1"/>
      <line num="26" type="stmt" count="1"/>
      <line num="36" type="stmt" count="1"/>
      <line num="138" type="method" name="init" crap="4.25" count="1"/>
      <line num="139" type="stmt" count="1"/>
      <line num="141" type="stmt" count="1"/>
      <line num="142" type="stmt" count="1"/>
      <line num="143" type="stmt" count="0"/>
      <line num="144" type="stmt" count="0"/>
      <line num="145" type="stmt" count="1"/>
      <line num="146" type="stmt" count="1"/>
      <line num="147" type="stmt" count="1"/>
      <line num="155" type="method" name="_setPath" crap="10.15" count="1"/>
      <line num="156" type="stmt" count="1"/>
      <line num="157" type="stmt" count="1"/>
      <line num="158" type="stmt" count="1"/>
      <line num="160" type="stmt" count="0"/>
      <line num="161" type="stmt" count="0"/>
      <line num="162" type="stmt" count="0"/>
      <line num="163" type="stmt" count="0"/>
      <line num="164" type="stmt" count="0"/>
      <line num="165" type="stmt" count="0"/>
      <line num="166" type="stmt" count="0"/>
      <line num="167" type="stmt" count="0"/>
      <line num="175" type="method" name="_setHost" crap="2.26" count="1"/>
      <line num="176" type="stmt" count="1"/>
      <line num="177" type="stmt" count="1"/>
      <line num="178" type="stmt" count="0"/>
      <line num="179" type="stmt" count="0"/>
      <line num="180" type="stmt" count="1"/>
      <line num="187" type="method" name="start" crap="4.32" count="4"/>
      <line num="188" type="stmt" count="4"/>
      <line num="189" type="stmt" count="0"/>
      <line num="191" type="stmt" count="4"/>
      <line num="192" type="stmt" count="4"/>
      <line num="193" type="stmt" count="4"/>
      <line num="194" type="stmt" count="4"/>
      <line num="196" type="stmt" count="4"/>
      <line num="197" type="stmt" count="0"/>
      <line num="198" type="stmt" count="0"/>
      <line num="200" type="stmt" count="4"/>
      <line num="201" type="stmt" count="4"/>
      <line num="209" type="method" name="started" crap="2" count="4"/>
      <line num="210" type="stmt" count="4"/>
      <line num="219" type="method" name="check" crap="8.74" count="3"/>
      <line num="220" type="stmt" count="3"/>
      <line num="221" type="stmt" count="3"/>
      <line num="223" type="stmt" count="0"/>
      <line num="224" type="stmt" count="0"/>
      <line num="226" type="stmt" count="0"/>
      <line num="227" type="stmt" count="0"/>
      <line num="236" type="method" name="id" crap="4.68" count="4"/>
      <line num="237" type="stmt" count="4"/>
      <line num="238" type="stmt" count="0"/>
      <line num="239" type="stmt" count="0"/>
      <line num="240" type="stmt" count="0"/>
      <line num="241" type="stmt" count="4"/>
      <line num="242" type="stmt" count="0"/>
      <line num="244" type="stmt" count="4"/>
      <line num="253" type="method" name="delete" crap="6" count="0"/>
      <line num="254" type="stmt" count="0"/>
      <line num="255" type="stmt" count="0"/>
      <line num="256" type="stmt" count="0"/>
      <line num="258" type="stmt" count="0"/>
      <line num="259" type="stmt" count="0"/>
      <line num="269" type="method" name="_overwrite" crap="30" count="0"/>
      <line num="270" type="stmt" count="0"/>
      <line num="271" type="stmt" count="0"/>
      <line num="272" type="stmt" count="0"/>
      <line num="273" type="stmt" count="0"/>
      <line num="274" type="stmt" count="0"/>
      <line num="275" type="stmt" count="0"/>
      <line num="276" type="stmt" count="0"/>
      <line num="277" type="stmt" count="0"/>
      <line num="278" type="stmt" count="0"/>
      <line num="279" type="stmt" count="0"/>
      <line num="280" type="stmt" count="0"/>
      <line num="288" type="method" name="_error" crap="12" count="0"/>
      <line num="289" type="stmt" count="0"/>
      <line num="290" type="stmt" count="0"/>
      <line num="292" type="stmt" count="0"/>
      <line num="301" type="method" name="error" crap="6" count="0"/>
      <line num="302" type="stmt" count="0"/>
      <line num="303" type="stmt" count="0"/>
      <line num="305" type="stmt" count="0"/>
      <line num="313" type="method" name="valid" crap="20" count="0"/>
      <line num="314" type="stmt" count="0"/>
      <line num="315" type="stmt" count="0"/>
      <line num="316" type="stmt" count="0"/>
      <line num="317" type="stmt" count="0"/>
      <line num="318" type="stmt" count="0"/>
      <line num="319" type="stmt" count="0"/>
      <line num="321" type="stmt" count="0"/>
      <line num="322" type="stmt" count="0"/>
      <line num="333" type="method" name="_validAgentAndTime" crap="12" count="0"/>
      <line num="334" type="stmt" count="0"/>
      <line num="336" type="stmt" count="0"/>
      <line num="337" type="stmt" count="0"/>
      <line num="338" type="stmt" count="0"/>
      <line num="339" type="stmt" count="0"/>
      <line num="348" type="method" name="userAgent" crap="6" count="0"/>
      <line num="349" type="stmt" count="0"/>
      <line num="350" type="stmt" count="0"/>
      <line num="351" type="stmt" count="0"/>
      <line num="352" type="stmt" count="0"/>
      <line num="361" type="method" name="read" crap="42" count="0"/>
      <line num="362" type="stmt" count="0"/>
      <line num="363" type="stmt" count="0"/>
      <line num="365" type="stmt" count="0"/>
      <line num="366" type="stmt" count="0"/>
      <line num="368" type="stmt" count="0"/>
      <line num="369" type="stmt" count="0"/>
      <line num="371" type="stmt" count="0"/>
      <line num="373" type="stmt" count="0"/>
      <line num="374" type="stmt" count="0"/>
      <line num="376" type="stmt" count="0"/>
      <line num="377" type="stmt" count="0"/>
      <line num="385" type="method" name="_returnSessionVars" crap="6" count="0"/>
      <line num="386" type="stmt" count="0"/>
      <line num="387" type="stmt" count="0"/>
      <line num="389" type="stmt" count="0"/>
      <line num="390" type="stmt" count="0"/>
      <line num="400" type="method" name="write" crap="37.86" count="2"/>
      <line num="401" type="stmt" count="2"/>
      <line num="402" type="stmt" count="2"/>
      <line num="404" type="stmt" count="0"/>
      <line num="405" type="stmt" count="0"/>
      <line num="407" type="stmt" count="0"/>
      <line num="408" type="stmt" count="0"/>
      <line num="409" type="stmt" count="0"/>
      <line num="410" type="stmt" count="0"/>
      <line num="411" type="stmt" count="0"/>
      <line num="412" type="stmt" count="0"/>
      <line num="413" type="stmt" count="0"/>
      <line num="414" type="stmt" count="0"/>
      <line num="416" type="stmt" count="0"/>
      <line num="417" type="stmt" count="0"/>
      <line num="425" type="method" name="destroy" crap="2.26" count="4"/>
      <line num="426" type="stmt" count="4"/>
      <line num="427" type="stmt" count="0"/>
      <line num="428" type="stmt" count="0"/>
      <line num="429" type="stmt" count="4"/>
      <line num="430" type="stmt" count="4"/>
      <line num="437" type="method" name="clear" crap="1" count="4"/>
      <line num="438" type="stmt" count="4"/>
      <line num="439" type="stmt" count="4"/>
      <line num="440" type="stmt" count="4"/>
      <line num="441" type="stmt" count="4"/>
      <line num="442" type="stmt" count="4"/>
      <line num="452" type="method" name="_configureSession" crap="42.00" count="4"/>
      <line num="453" type="stmt" count="4"/>
      <line num="454" type="stmt" count="4"/>
      <line num="456" type="stmt" count="4"/>
      <line num="457" type="stmt" count="4"/>
      <line num="458" type="stmt" count="4"/>
      <line num="459" type="stmt" count="4"/>
      <line num="460" type="stmt" count="4"/>
      <line num="461" type="stmt" count="4"/>
      <line num="462" type="stmt" count="4"/>
      <line num="463" type="stmt" count="0"/>
      <line num="464" type="stmt" count="0"/>
      <line num="465" type="stmt" count="4"/>
      <line num="466" type="stmt" count="0"/>
      <line num="467" type="stmt" count="0"/>
      <line num="468" type="stmt" count="4"/>
      <line num="469" type="stmt" count="4"/>
      <line num="470" type="stmt" count="4"/>
      <line num="471" type="stmt" count="4"/>
      <line num="472" type="stmt" count="4"/>
      <line num="473" type="stmt" count="4"/>
      <line num="474" type="stmt" count="4"/>
      <line num="475" type="stmt" count="0"/>
      <line num="476" type="stmt" count="0"/>
      <line num="478" type="stmt" count="4"/>
      <line num="479" type="stmt" count="4"/>
      <line num="480" type="stmt" count="4"/>
      <line num="481" type="stmt" count="4"/>
      <line num="482" type="stmt" count="0"/>
      <line num="483" type="stmt" count="0"/>
      <line num="485" type="stmt" count="0"/>
      <line num="487" type="stmt" count="4"/>
      <line num="488" type="stmt" count="4"/>
      <line num="489" type="stmt" count="4"/>
      <line num="490" type="stmt" count="4"/>
      <line num="491" type="stmt" count="0"/>
      <line num="492" type="stmt" count="0"/>
      <line num="493" type="stmt" count="4"/>
      <line num="494" type="stmt" count="0"/>
      <line num="495" type="stmt" count="0"/>
      <line num="496" type="stmt" count="0"/>
      <line num="497" type="stmt" count="0"/>
      <line num="498" type="stmt" count="0"/>
      <line num="499" type="stmt" count="0"/>
      <line num="500" type="stmt" count="0"/>
      <line num="501" type="stmt" count="0"/>
      <line num="502" type="stmt" count="0"/>
      <line num="503" type="stmt" count="0"/>
      <line num="504" type="stmt" count="4"/>
      <line num="505" type="stmt" count="4"/>
      <line num="506" type="stmt" count="4"/>
      <line num="515" type="method" name="_getHandler" crap="12" count="0"/>
      <line num="516" type="stmt" count="0"/>
      <line num="517" type="stmt" count="0"/>
      <line num="518" type="stmt" count="0"/>
      <line num="519" type="stmt" count="0"/>
      <line num="521" type="stmt" count="0"/>
      <line num="522" type="stmt" count="0"/>
      <line num="523" type="stmt" count="0"/>
      <line num="525" type="stmt" count="0"/>
      <line num="534" type="method" name="_defaultConfig" crap="2" count="4"/>
      <line num="537" type="stmt" count="4"/>
      <line num="538" type="stmt" count="4"/>
      <line num="539" type="stmt" count="4"/>
      <line num="541" type="stmt" count="4"/>
      <line num="543" type="stmt" count="4"/>
      <line num="544" type="stmt" count="4"/>
      <line num="546" type="stmt" count="4"/>
      <line num="547" type="stmt" count="4"/>
      <line num="548" type="stmt" count="4"/>
      <line num="550" type="stmt" count="4"/>
      <line num="551" type="stmt" count="4"/>
      <line num="552" type="stmt" count="4"/>
      <line num="553" type="stmt" count="4"/>
      <line num="554" type="stmt" count="4"/>
      <line num="555" type="stmt" count="4"/>
      <line num="556" type="stmt" count="4"/>
      <line num="558" type="stmt" count="4"/>
      <line num="559" type="stmt" count="4"/>
      <line num="561" type="stmt" count="4"/>
      <line num="562" type="stmt" count="4"/>
      <line num="563" type="stmt" count="4"/>
      <line num="565" type="stmt" count="4"/>
      <line num="566" type="stmt" count="4"/>
      <line num="567" type="stmt" count="4"/>
      <line num="568" type="stmt" count="4"/>
      <line num="569" type="stmt" count="4"/>
      <line num="570" type="stmt" count="4"/>
      <line num="571" type="stmt" count="4"/>
      <line num="573" type="stmt" count="4"/>
      <line num="575" type="stmt" count="4"/>
      <line num="576" type="stmt" count="4"/>
      <line num="578" type="stmt" count="4"/>
      <line num="579" type="stmt" count="4"/>
      <line num="580" type="stmt" count="4"/>
      <line num="582" type="stmt" count="4"/>
      <line num="583" type="stmt" count="4"/>
      <line num="584" type="stmt" count="4"/>
      <line num="585" type="stmt" count="4"/>
      <line num="586" type="stmt" count="4"/>
      <line num="587" type="stmt" count="4"/>
      <line num="588" type="stmt" count="4"/>
      <line num="589" type="stmt" count="4"/>
      <line num="591" type="stmt" count="4"/>
      <line num="593" type="stmt" count="4"/>
      <line num="594" type="stmt" count="4"/>
      <line num="595" type="stmt" count="4"/>
      <line num="596" type="stmt" count="4"/>
      <line num="597" type="stmt" count="4"/>
      <line num="599" type="stmt" count="0"/>
      <line num="607" type="method" name="_startSession" crap="5.50" count="4"/>
      <line num="608" type="stmt" count="4"/>
      <line num="609" type="stmt" count="4"/>
      <line num="610" type="stmt" count="4"/>
      <line num="611" type="stmt" count="4"/>
      <line num="612" type="stmt" count="4"/>
      <line num="613" type="stmt" count="0"/>
      <line num="614" type="stmt" count="0"/>
      <line num="615" type="stmt" count="0"/>
      <line num="616" type="stmt" count="0"/>
      <line num="617" type="stmt" count="0"/>
      <line num="619" type="stmt" count="4"/>
      <line num="627" type="method" name="_checkValid" crap="72" count="0"/>
      <line num="628" type="stmt" count="0"/>
      <line num="629" type="stmt" count="0"/>
      <line num="630" type="stmt" count="0"/>
      <line num="632" type="stmt" count="0"/>
      <line num="633" type="stmt" count="0"/>
      <line num="635" type="stmt" count="0"/>
      <line num="636" type="stmt" count="0"/>
      <line num="637" type="stmt" count="0"/>
      <line num="638" type="stmt" count="0"/>
      <line num="639" type="stmt" count="0"/>
      <line num="640" type="stmt" count="0"/>
      <line num="642" type="stmt" count="0"/>
      <line num="643" type="stmt" count="0"/>
      <line num="644" type="stmt" count="0"/>
      <line num="645" type="stmt" count="0"/>
      <line num="646" type="stmt" count="0"/>
      <line num="647" type="stmt" count="0"/>
      <line num="648" type="stmt" count="0"/>
      <line num="649" type="stmt" count="0"/>
      <line num="650" type="stmt" count="0"/>
      <line num="651" type="stmt" count="0"/>
      <line num="653" type="stmt" count="0"/>
      <line num="654" type="stmt" count="0"/>
      <line num="655" type="stmt" count="0"/>
      <line num="656" type="stmt" count="0"/>
      <line num="657" type="stmt" count="0"/>
      <line num="659" type="stmt" count="0"/>
      <line num="666" type="method" name="renew" crap="9.83" count="4"/>
      <line num="667" type="stmt" count="4"/>
      <line num="668" type="stmt" count="0"/>
      <line num="669" type="stmt" count="0"/>
      <line num="670" type="stmt" count="0"/>
      <line num="671" type="stmt" count="0"/>
      <line num="672" type="stmt" count="0"/>
      <line num="673" type="stmt" count="4"/>
      <line num="682" type="method" name="_setError" crap="6" count="0"/>
      <line num="683" type="stmt" count="0"/>
      <line num="684" type="stmt" count="0"/>
      <line num="685" type="stmt" count="0"/>
      <line num="686" type="stmt" count="0"/>
      <line num="687" type="stmt" count="0"/>
      <line num="688" type="stmt" count="0"/>
      <line num="698" type="stmt" count="1"/>
      <line num="750" type="stmt" count="1"/>
      <line num="751" type="stmt" count="1"/>
      <metrics loc="750" ncloc="454" classes="1" methods="26" coveredmethods="14" conditionals="0" coveredconditionals="0" statements="291" coveredstatements="127" elements="317" coveredelements="141"/>
    </file>
    <file name="/projects_php/library/cakephp/lib/Cake/Model/Datasource/DataSource.php">
      <class name="DataSource" namespace="global" fullPackage="Cake.Model.Datasource" package="Cake.Model.Datasource">
        <metrics methods="20" coveredmethods="3" conditionals="0" coveredconditionals="0" statements="6" coveredstatements="6" elements="26" coveredelements="9"/>
      </class>
      <line num="82" type="method" name="__construct" crap="1" count="0"/>
      <line num="93" type="method" name="listSources" crap="4" count="4"/>
      <line num="94" type="stmt" count="4"/>
      <line num="95" type="stmt" count="4"/>
      <line num="120" type="method" name="describe" crap="5" count="4"/>
      <line num="121" type="stmt" count="4"/>
      <line num="122" type="stmt" count="4"/>
[...]
      <line num="20" type="stmt" count="1"/>
      <line num="22" type="stmt" count="1"/>
      <line num="23" type="stmt" count="1"/>
      <line num="24" type="stmt" count="1"/>
      <line num="32" type="stmt" count="1"/>
      <line num="62" type="method" name="notEmpty" crap="6.00" count="4"/>
      <line num="63" type="stmt" count="4"/>
      <line num="64" type="stmt" count="0"/>
      <line num="65" type="stmt" count="0"/>
      <line num="67" type="stmt" count="4"/>
      <line num="68" type="stmt" count="0"/>
      <line num="70" type="stmt" count="4"/>
      <line num="84" type="method" name="alphaNumeric" crap="20" count="0"/>
      <line num="85" type="stmt" count="0"/>
      <line num="86" type="stmt" count="0"/>
      <line num="87" type="stmt" count="0"/>
      <line num="89" type="stmt" count="0"/>
      <line num="90" type="stmt" count="0"/>
      <line num="92" type="stmt" count="0"/>
      <line num="105" type="method" name="between" crap="6" count="0"/>
      <line num="106" type="stmt" count="0"/>
      <line num="107" type="stmt" count="0"/>
      <line num="120" type="method" name="blank" crap="6" count="0"/>
      <line num="121" type="stmt" count="0"/>
      <line num="122" type="stmt" count="0"/>
      <line num="123" type="stmt" count="0"/>
      <line num="124" type="stmt" count="0"/>
      <line num="140" type="method" name="cc" crap="156" count="0"/>
      <line num="141" type="stmt" count="0"/>
      <line num="142" type="stmt" count="0"/>
      <line num="143" type="stmt" count="0"/>
      <line num="145" type="stmt" count="0"/>
      <line num="146" type="stmt" count="0"/>
      <line num="147" type="stmt" count="0"/>
      <line num="150" type="stmt" count="0"/>
      <line num="151" type="stmt" count="0"/>
      <line num="152" type="stmt" count="0"/>
      <line num="154" type="stmt" count="0"/>
      <line num="157" type="stmt" count="0"/>
      <line num="158" type="stmt" count="0"/>
      <line num="159" type="stmt" count="0"/>
      <line num="160" type="stmt" count="0"/>
      <line num="161" type="stmt" count="0"/>
      <line num="162" type="stmt" count="0"/>
      <line num="163" type="stmt" count="0"/>
      <line num="164" type="stmt" count="0"/>
      <line num="165" type="stmt" count="0"/>
      <line num="166" type="stmt" count="0"/>
      <line num="167" type="stmt" count="0"/>
      <line num="168" type="stmt" count="0"/>
      <line num="170" type="stmt" count="0"/>
      <line num="172" type="stmt" count="0"/>
      <line num="174" type="stmt" count="0"/>
      <line num="175" type="stmt" count="0"/>
      <line num="176" type="stmt" count="0"/>
      <line num="178" type="stmt" count="0"/>
      <line num="179" type="stmt" count="0"/>
      <line num="181" type="stmt" count="0"/>
      <line num="182" type="stmt" count="0"/>
      <line num="183" type="stmt" count="0"/>
      <line num="184" type="stmt" count="0"/>
      <line num="186" type="stmt" count="0"/>
      <line num="187" type="stmt" count="0"/>
      <line num="189" type="stmt" count="0"/>
      <line num="190" type="stmt" count="0"/>
      <line num="191" type="stmt" count="0"/>
      <line num="193" type="stmt" count="0"/>
      <line num="194" type="stmt" count="0"/>
      <line num="197" type="stmt" count="0"/>
      <line num="211" type="method" name="comparison" crap="420" count="0"/>
      <line num="212" type="stmt" count="0"/>
      <line num="213" type="stmt" count="0"/>
      <line num="214" type="stmt" count="0"/>
      <line num="215" type="stmt" count="0"/>
      <line num="218" type="stmt" count="0"/>
      <line num="219" type="stmt" count="0"/>
      <line num="220" type="stmt" count="0"/>
      <line num="221" type="stmt" count="0"/>
      <line num="223" type="stmt" count="0"/>
      <line num="224" type="stmt" count="0"/>
      <line num="225" type="stmt" count="0"/>
      <line num="226" type="stmt" count="0"/>
      <line num="227" type="stmt" count="0"/>
      <line num="229" type="stmt" count="0"/>
      <line num="230" type="stmt" count="0"/>
      <line num="231" type="stmt" count="0"/>
      <line num="232" type="stmt" count="0"/>
      <line num="233" type="stmt" count="0"/>
      <line num="235" type="stmt" count="0"/>
      <line num="236" type="stmt" count="0"/>
      <line num="237" type="stmt" count="0"/>
      <line num="238" type="stmt" count="0"/>
      <line num="239" type="stmt" count="0"/>
      <line num="241" type="stmt" count="0"/>
      <line num="242" type="stmt" count="0"/>
      <line num="243" type="stmt" count="0"/>
      <line num="244" type="stmt" count="0"/>
      <line num="245" type="stmt" count="0"/>
      <line num="247" type="stmt" count="0"/>
      <line num="248" type="stmt" count="0"/>
      <line num="249" type="stmt" count="0"/>
      <line num="250" type="stmt" count="0"/>
      <line num="251" type="stmt" count="0"/>
      <line num="253" type="stmt" count="0"/>
      <line num="254" type="stmt" count="0"/>
      <line num="255" type="stmt" count="0"/>
      <line num="256" type="stmt" count="0"/>
      <line num="257" type="stmt" count="0"/>
      <line num="258" type="stmt" count="0"/>
      <line num="269" type="method" name="custom" crap="12" count="0"/>
      <line num="270" type="stmt" count="0"/>
      <line num="271" type="stmt" count="0"/>
      <line num="272" type="stmt" count="0"/>
      <line num="273" type="stmt" count="0"/>
      <line num="274" type="stmt" count="0"/>
      <line num="275" type="stmt" count="0"/>
      <line num="277" type="stmt" count="0"/>
      <line num="296" type="method" name="date" crap="30" count="0"/>
      <line num="297" type="stmt" count="0"/>
      <line num="298" type="stmt" count="0"/>
      <line num="301" type="stmt" count="0"/>
      <line num="302" type="stmt" count="0"/>
      <line num="303" type="stmt" count="0"/>
      <line num="304" type="stmt" count="0"/>
      <line num="305" type="stmt" count="0"/>
      <line num="306" type="stmt" count="0"/>
      <line num="307" type="stmt" count="0"/>
      <line num="309" type="stmt" count="0"/>
      <line num="310" type="stmt" count="0"/>
      <line num="311" type="stmt" count="0"/>
      <line num="312" type="stmt" count="0"/>
      <line num="314" type="stmt" count="0"/>
      <line num="315" type="stmt" count="0"/>
      <line num="339" type="method" name="datetime" crap="20" count="0"/>
      <line num="340" type="stmt" count="0"/>
      <line num="341" type="stmt" count="0"/>
      <line num="342" type="stmt" count="0"/>
      <line num="343" type="stmt" count="0"/>
      <line num="344" type="stmt" count="0"/>
      <line num="345" type="stmt" count="0"/>
      <line num="346" type="stmt" count="0"/>
      <line num="347" type="stmt" count="0"/>
      <line num="358" type="method" name="time" crap="2" count="0"/>
      <line num="359" type="stmt" count="0"/>
      <line num="368" type="method" name="boolean" crap="1" count="1"/>
      <line num="369" type="stmt" count="1"/>
      <line num="370" type="stmt" count="1"/>
      <line num="382" type="method" name="decimal" crap="12" count="0"/>
      <line num="383" type="stmt" count="0"/>
      <line num="384" type="stmt" count="0"/>
      <line num="385" type="stmt" count="0"/>
      <line num="386" type="stmt" count="0"/>
      <line num="387" type="stmt" count="0"/>
      <line num="389" type="stmt" count="0"/>
      <line num="390" type="stmt" count="0"/>
      <line num="404" type="method" name="email" crap="32.54" count="1"/>
      <line num="405" type="stmt" count="1"/>
      <line num="406" type="stmt" count="0"/>
      <line num="407" type="stmt" count="0"/>
      <line num="409" type="stmt" count="1"/>
      <line num="410" type="stmt" count="1"/>
      <line num="411" type="stmt" count="1"/>
      <line num="412" type="stmt" count="1"/>
      <line num="413" type="stmt" count="1"/>
      <line num="414" type="stmt" count="1"/>
      <line num="417" type="stmt" count="0"/>
      <line num="418" type="stmt" count="0"/>
      <line num="419" type="stmt" count="0"/>
      <line num="421" type="stmt" count="0"/>
      <line num="422" type="stmt" count="0"/>
      <line num="424" type="stmt" count="0"/>
      <line num="426" type="stmt" count="0"/>
      <line num="436" type="method" name="equalTo" crap="2" count="0"/>
      <line num="437" type="stmt" count="0"/>
      <line num="447" type="method" name="extension" crap="20" count="0"/>
      <line num="448" type="stmt" count="0"/>
      <line num="449" type="stmt" count="0"/>
      <line num="451" type="stmt" count="0"/>
      <line num="452" type="stmt" count="0"/>
      <line num="453" type="stmt" count="0"/>
      <line num="454" type="stmt" count="0"/>
      <line num="455" type="stmt" count="0"/>
      <line num="457" type="stmt" count="0"/>
      <line num="458" type="stmt" count="0"/>
      <line num="468" type="method" name="ip" crap="30" count="0"/>
      <line num="469" type="stmt" count="0"/>
      <line num="470" type="stmt" count="0"/>
      <line num="471" type="stmt" count="0"/>
      <line num="472" type="stmt" count="0"/>
      <line num="473" type="stmt" count="0"/>
      <line num="474" type="stmt" count="0"/>
      <line num="475" type="stmt" count="0"/>
      <line num="476" type="stmt" count="0"/>
      <line num="477" type="stmt" count="0"/>
      <line num="487" type="method" name="minLength" crap="2" count="0"/>
      <line num="488" type="stmt" count="0"/>
      <line num="498" type="method" name="maxLength" crap="2" count="0"/>
      <line num="499" type="stmt" count="0"/>
      <line num="509" type="method" name="money" crap="6" count="0"/>
      <line num="510" type="stmt" count="0"/>
      <line num="511" type="stmt" count="0"/>
      <line num="512" type="stmt" count="0"/>
      <line num="513" type="stmt" count="0"/>
      <line num="514" type="stmt" count="0"/>
      <line num="516" type="stmt" count="0"/>
      <line num="532" type="method" name="multiple" crap="110" count="0"/>
      <line num="533" type="stmt" count="0"/>
      <line num="534" type="stmt" count="0"/>
      <line num="535" type="stmt" count="0"/>
      <line num="536" type="stmt" count="0"/>
      <line num="537" type="stmt" count="0"/>
      <line num="539" type="stmt" count="0"/>
      <line num="540" type="stmt" count="0"/>
      <line num="542" type="stmt" count="0"/>
      <line num="543" type="stmt" count="0"/>
      <line num="545" type="stmt" count="0"/>
      <line num="546" type="stmt" count="0"/>
      <line num="547" type="stmt" count="0"/>
      <line num="548" type="stmt" count="0"/>
      <line num="550" type="stmt" count="0"/>
      <line num="551" type="stmt" count="0"/>
      <line num="552" type="stmt" count="0"/>
      <line num="561" type="method" name="numeric" crap="2" count="0"/>
      <line num="562" type="stmt" count="0"/>
      <line num="573" type="method" name="phone" crap="56" count="0"/>
      <line num="574" type="stmt" count="0"/>
      <line num="575" type="stmt" count="0"/>
      <line num="576" type="stmt" count="0"/>
      <line num="578" type="stmt" count="0"/>
      <line num="580" type="stmt" count="0"/>
      <line num="581" type="stmt" count="0"/>
      <line num="582" type="stmt" count="0"/>
      <line num="584" type="stmt" count="0"/>
      <line num="585" type="stmt" count="0"/>
      <line num="587" type="stmt" count="0"/>
      <line num="588" type="stmt" count="0"/>
      <line num="589" type="stmt" count="0"/>
      <line num="591" type="stmt" count="0"/>
      <line num="602" type="method" name="postal" crap="110" count="0"/>
      <line num="603" type="stmt" count="0"/>
      <line num="604" type="stmt" count="0"/>
      <line num="605" type="stmt" count="0"/>
      <line num="607" type="stmt" count="0"/>
      <line num="609" type="stmt" count="0"/>
      <line num="610" type="stmt" count="0"/>
      <line num="611" type="stmt" count="0"/>
      <line num="612" type="stmt" count="0"/>
      <line num="613" type="stmt" count="0"/>
      <line num="614" type="stmt" count="0"/>
      <line num="615" type="stmt" count="0"/>
      <line num="616" type="stmt" count="0"/>
      <line num="617" type="stmt" count="0"/>
      <line num="618" type="stmt" count="0"/>
      <line num="619" type="stmt" count="0"/>
      <line num="620" type="stmt" count="0"/>
      <line num="621" type="stmt" count="0"/>
      <line num="622" type="stmt" count="0"/>
      <line num="623" type="stmt" count="0"/>
      <line num="624" type="stmt" count="0"/>
      <line num="626" type="stmt" count="0"/>
      <line num="627" type="stmt" count="0"/>
      <line num="628" type="stmt" count="0"/>
      <line num="630" type="stmt" count="0"/>
      <line num="643" type="method" name="range" crap="30" count="0"/>
      <line num="644" type="stmt" count="0"/>
      <line num="645" type="stmt" count="0"/>
      <line num="647" type="stmt" count="0"/>
      <line num="648" type="stmt" count="0"/>
      <line num="650" type="stmt" count="0"/>
      <line num="661" type="method" name="ssn" crap="56" count="0"/>
      <line num="662" type="stmt" count="0"/>
      <line num="663" type="stmt" count="0"/>
      <line num="664" type="stmt" count="0"/>
      <line num="666" type="stmt" count="0"/>
      <line num="668" type="stmt" count="0"/>
      <line num="669" type="stmt" count="0"/>
      <line num="670" type="stmt" count="0"/>
      <line num="671" type="stmt" count="0"/>
      <line num="672" type="stmt" count="0"/>
      <line num="673" type="stmt" count="0"/>
      <line num="674" type="stmt" count="0"/>
      <line num="675" type="stmt" count="0"/>
      <line num="676" type="stmt" count="0"/>
      <line num="678" type="stmt" count="0"/>
      <line num="679" type="stmt" count="0"/>
      <line num="680" type="stmt" count="0"/>
      <line num="682" type="stmt" count="0"/>
      <line num="702" type="method" name="url" crap="6" count="0"/>
      <line num="703" type="stmt" count="0"/>
      <line num="704" type="stmt" count="0"/>
      <line num="705" type="stmt" count="0"/>
      <line num="706" type="stmt" count="0"/>
      <line num="707" type="stmt" count="0"/>
      <line num="708" type="stmt" count="0"/>
      <line num="709" type="stmt" count="0"/>
      <line num="710" type="stmt" count="0"/>
      <line num="720" type="method" name="inList" crap="2" count="0"/>
      <line num="721" type="stmt" count="0"/>
      <line num="733" type="method" name="userDefined" crap="2" count="0"/>
      <line num="734" type="stmt" count="0"/>
      <line num="743" type="method" name="uuid" crap="2" count="0"/>
      <line num="744" type="stmt" count="0"/>
      <line num="745" type="stmt" count="0"/>
      <line num="758" type="method" name="_pass" crap="12" count="0"/>
      <line num="759" type="stmt" count="0"/>
      <line num="760" type="stmt" count="0"/>
      <line num="761" type="stmt" count="0"/>
      <line num="762" type="stmt" count="0"/>
      <line num="764" type="stmt" count="0"/>
      <line num="765" type="stmt" count="0"/>
      <line num="766" type="stmt" count="0"/>
      <line num="768" type="stmt" count="0"/>
      <line num="769" type="stmt" count="0"/>
      <line num="779" type="method" name="_check" crap="2.26" count="4"/>
      <line num="780" type="stmt" count="4"/>
      <line num="781" type="stmt" count="4"/>
      <line num="782" type="stmt" count="4"/>
      <line num="784" type="stmt" count="0"/>
      <line num="785" type="stmt" count="0"/>
      <line num="796" type="method" name="_defaults" crap="6" count="0"/>
      <line num="797" type="stmt" count="0"/>
      <line num="799" type="stmt" count="0"/>
      <line num="800" type="stmt" count="0"/>
      <line num="801" type="stmt" count="0"/>
      <line num="802" type="stmt" count="0"/>
      <line num="804" type="stmt" count="0"/>
      <line num="805" type="stmt" count="0"/>
      <line num="806" type="stmt" count="0"/>
      <line num="807" type="stmt" count="0"/>
      <line num="808" type="stmt" count="0"/>
      <line num="809" type="stmt" count="0"/>
      <line num="820" type="method" name="luhn" crap="56" count="0"/>
      <line num="821" type="stmt" count="0"/>
      <line num="822" type="stmt" count="0"/>
      <line num="823" type="stmt" count="0"/>
      <line num="824" type="stmt" count="0"/>
      <line num="825" type="stmt" count="0"/>
      <line num="827" type="stmt" count="0"/>
      <line num="828" type="stmt" count="0"/>
      <line num="830" type="stmt" count="0"/>
      <line num="831" type="stmt" count="0"/>
      <line num="833" type="stmt" count="0"/>
      <line num="834" type="stmt" count="0"/>
      <line num="835" type="stmt" count="0"/>
      <line num="837" type="stmt" count="0"/>
      <line num="838" type="stmt" count="0"/>
      <line num="839" type="stmt" count="0"/>
      <line num="840" type="stmt" count="0"/>
      <line num="842" type="stmt" count="0"/>
      <line num="850" type="method" name="_populateIp" crap="12" count="0"/>
      <line num="851" type="stmt" count="0"/>
      <line num="852" type="stmt" count="0"/>
      <line num="853" type="stmt" count="0"/>
      <line num="854" type="stmt" count="0"/>
      <line num="855" type="stmt" count="0"/>
      <line num="856" type="stmt" count="0"/>
      <line num="857" type="stmt" count="0"/>
      <line num="858" type="stmt" count="0"/>
      <line num="859" type="stmt" count="0"/>
      <line num="860" type="stmt" count="0"/>
      <line num="861" type="stmt" count="0"/>
      <line num="862" type="stmt" count="0"/>
      <line num="863" type="stmt" count="0"/>
      <line num="864" type="stmt" count="0"/>
      <line num="865" type="stmt" count="0"/>
      <line num="867" type="stmt" count="0"/>
      <line num="868" type="stmt" count="0"/>
      <line num="869" type="stmt" count="0"/>
      <line num="870" type="stmt" count="0"/>
      <line num="871" type="stmt" count="0"/>
      <line num="872" type="stmt" count="0"/>
      <line num="873" type="stmt" count="0"/>
      <line num="880" type="method" name="_reset" crap="2" count="0"/>
      <line num="881" type="stmt" count="0"/>
      <line num="882" type="stmt" count="0"/>
      <line num="884" type="stmt" count="1"/>
      <metrics loc="883" ncloc="524" classes="1" methods="35" coveredmethods="4" conditionals="0" coveredconditionals="0" statements="342" coveredstatements="22" elements="377" coveredelements="26"/>
    </file>
    <file name="/projects_php/library/cakephp/lib/Cake/basics.php">
      <line num="204" type="stmt" count="5"/>
      <line num="205" type="stmt" count="4"/>
      <line num="206" type="stmt" count="4"/>
      <line num="207" type="stmt" count="4"/>
      <line num="208" type="stmt" count="4"/>
      <line num="209" type="stmt" count="4"/>
      <line num="211" type="stmt" count="5"/>
      <line num="263" type="stmt" count="4"/>
      <line num="264" type="stmt" count="4"/>
      <line num="267" type="stmt" count="4"/>
      <line num="270" type="stmt" count="4"/>
      <line num="276" type="stmt" count="4"/>
      <line num="277" type="stmt" count="4"/>
      <line num="279" type="stmt" count="4"/>
      <line num="281" type="stmt" count="4"/>
      <line num="285" type="stmt" count="4"/>
      <line num="292" type="stmt" count="4"/>
      <line num="297" type="stmt" count="4"/>
      <line num="302" type="stmt" count="4"/>
      <line num="311" type="stmt" count="4"/>
      <line num="314" type="stmt" count="4"/>
      <line num="317" type="stmt" count="4"/>
      <line num="358" type="stmt" count="4"/>
      <metrics loc="753" ncloc="488" classes="0" methods="0" coveredmethods="0" conditionals="0" coveredconditionals="0" statements="23" coveredstatements="23" elements="23" coveredelements="23"/>
    </file>
    <metrics files="26" loc="18650" ncloc="11848" classes="59" methods="368" coveredmethods="93" conditionals="0" coveredconditionals="0" statements="2225" coveredstatements="1223" elements="2593" coveredelements="1316"/>
  </project>
</coverage>
